
 -----------------------------------------------
      Restrained ESP Fit 2.3  Amber 4.1
 -----------------------------------------------
 Resp charges for organic molecule                                               
 -----------------------------------------------


 inopt       =     0   ioutopt     =     1
 nmol        =     1   iqopt       =     2
 ihfree      =     1   irstrnt     =     1
 iunits      =     0   qwt         =   0.00100000
 wtmol(1) =     1.000000
 subtitle:

Resp charges for organic molecule                                               
ich =   0  iuniq =  39
    1    6  -99
    2    6  -99
    3    6  -99
    4    6  -99
    5    6    0
    6    6    5
    7    6    5
    8    6    0
    9    6    8
   10    6    8
   11    6  -99
   12    6  -99
   13    6  -99
   14    6  -99
   15    6  -99
   16    6  -99
   17    6    0
   18    1  -99
   19    1  -99
   20    1  -99
   21    1    0
   22    1   21
   23    1   21
   24    1   21
   25    1   21
   26    1   21
   27    1    0
   28    1   27
   29    1   27
   30    1   27
   31    1   27
   32    1   27
   33    1  -99
   34    1  -99
   35    1  -99
   36    1  -99
   37    1    0
   38    1   37
   39    1   37
 new q0 values to be read  39

  ----------------------------------------------------------------------------
     ATOM                       COORDINATES                         CHARGE
                       X             Y                Z
  ----------------------------------------------------------------------------
  ----------------------------------------------------------------------------


 Charge on the molecule(ich) =    0
 Total number of atoms (iuniq)     =   39
 Weight factor on initial charge restraints(qwt)=     0.10000D-02


  there are  1 charge constraints:


     1       1
     2       1
     3       1
     4       1
     5       1
     6       1
     7       1
     8       1
     9       1
    10       1
    11       1
    12       1
    13       1
    14       1
    15       1
    16       1
    17       1
    18       1
    19       1
    20       1
    21       1
    22       1
    23       1
    24       1
    25       1
    26       1
    27       1
    28       1
    29       1
    30       1
    31       1
    32       1
    33       1
    34       1
    35       1
    36       1
    37       1
    38       1
    39       1

 Reading esp"s for molecule   1
 total number of atoms      =    39
 total number of esp points = 68502


 center     X       Y       Z 
    1  -0.7858067E+00   0.9585635E-01  -0.2891281E-03
    2  -0.4847742E+01   0.2696692E+01   0.2120273E-02
    3  -0.4708749E+01  -0.1409747E+01  -0.2381079E+01
    4  -0.4707460E+01  -0.1412054E+01   0.2381187E+01
    5  -0.1933571E+01   0.2791188E+01   0.1302021E-02
    6  -0.1796067E+01  -0.1300543E+01  -0.2385722E+01
    7  -0.1794786E+01  -0.1302860E+01   0.2384333E+01
    8  -0.5780539E+01   0.1298225E+01  -0.2376916E+01
    9  -0.5779213E+01   0.1295934E+01   0.2380304E+01
   10  -0.5624894E+01  -0.2820563E+01  -0.3836144E-03
   11   0.2112084E+01   0.1079033E+00  -0.8239205E-03
   12   0.3549548E+01   0.2329093E+01  -0.1814137E-02
   13   0.3455383E+01  -0.2186683E+01  -0.2048463E-02
   14   0.6190886E+01   0.2264219E+01  -0.3503552E-02
   15   0.6083253E+01  -0.2251537E+01  -0.3709532E-02
   16   0.7512103E+01  -0.1927143E-01  -0.3189858E-02
   17   0.1036622E+02  -0.9971706E-01   0.6425068E-02
   18  -0.5582844E+01   0.4637525E+01   0.3263557E-02
   19  -0.5353214E+01  -0.2414817E+01  -0.4078902E+01
   20  -0.5350975E+01  -0.2418795E+01   0.4078378E+01
   21  -0.1277198E+01   0.3838706E+01  -0.1666457E+01
   22  -0.1275990E+01   0.3837234E+01   0.1669520E+01
   23  -0.1026516E+01  -0.3224759E+01  -0.2459169E+01
   24  -0.1115698E+01  -0.3255847E+00  -0.4087647E+01
   25  -0.1113493E+01  -0.3295739E+00   0.4086848E+01
   26  -0.1025220E+01  -0.3227155E+01   0.2455491E+01
   27  -0.7856300E+01   0.1249783E+01  -0.2410315E+01
   28  -0.5172278E+01   0.2309540E+01  -0.4085652E+01
   29  -0.5169971E+01   0.2305562E+01   0.4089688E+01
   30  -0.7854954E+01   0.1247503E+01   0.2414815E+01
   31  -0.7697496E+01  -0.2948997E+01   0.1114938E-03
   32  -0.4900787E+01  -0.4767219E+01  -0.1525009E-02
   33   0.2625137E+01   0.4158359E+01  -0.2891281E-02
   34   0.2432074E+01  -0.3967455E+01  -0.3376940E-02
   35   0.7235405E+01   0.4035527E+01  -0.5580361E-02
   36   0.7045469E+01  -0.4069568E+01  -0.6173735E-02
   37   0.1110069E+02  -0.1207214E+01  -0.1584979E+01
   38   0.1117495E+02   0.1800096E+01  -0.1221783E+00
   39   0.1109537E+02  -0.9755011E+00   0.1739574E+01
 Initial ssvpot =     1.583


 Number of unique UNfrozen centers=    6

 Non-linear optimization requested.
 qchnge =    0.4434407426E-01
 qchnge =    0.1405501520E-03
 qchnge =    0.1898060762E-05
 qchnge =    0.3171712325E-07

 Convergence in    3 iterations


Resp charges for organic molecule                                               

          Point Charges Before & After Optimization

    no.  At.no.    q(init)       q(opt)     ivary    d(rstr)/dq
    1   6       0.581021       0.581021    -99       0.001696
    2   6       0.469531       0.469531    -99       0.002083
    3   6       0.469531       0.469531    -99       0.002083
    4   6       0.469531       0.469531    -99       0.002083
    5   6      -0.447647      -0.452419      0       0.002158
    6   6      -0.447552      -0.452419      5       0.002158
    7   6      -0.447278      -0.452419      5       0.002158
    8   6      -0.491522      -0.491130      0       0.001995
    9   6      -0.492552      -0.491130      8       0.001995
   10   6      -0.496679      -0.491130      8       0.001995
   11   6      -0.039973      -0.039973    -99       0.009286
   12   6      -0.161662      -0.161662    -99       0.005261
   13   6      -0.161662      -0.161662    -99       0.005261
   14   6      -0.247858      -0.247858    -99       0.003742
   15   6      -0.247858      -0.247858    -99       0.003742
   16   6       0.288049       0.288049    -99       0.003280
   17   6      -0.426263      -0.419839      0       0.002317
   18   1      -0.036654      -0.036654    -99       0.000000
   19   1      -0.036654      -0.036654    -99       0.000000
   20   1      -0.036654      -0.036654    -99       0.000000
   21   1       0.077437       0.081990      0       0.000000
   22   1       0.077586       0.081990     21       0.000000
   23   1       0.080309       0.081990     21       0.000000
   24   1       0.084164       0.081990     21       0.000000
   25   1       0.084280       0.081990     21       0.000000
   26   1       0.080310       0.081990     21       0.000000
   27   1       0.098639       0.097685      0       0.000000
   28   1       0.096556       0.097685     27       0.000000
   29   1       0.096730       0.097685     27       0.000000
   30   1       0.099016       0.097685     27       0.000000
   31   1       0.100928       0.097685     27       0.000000
   32   1       0.095469       0.097685     27       0.000000
   33   1       0.126034       0.126034    -99       0.000000
   34   1       0.126034       0.126034    -99       0.000000
   35   1       0.136121       0.136121    -99       0.000000
   36   1       0.136121       0.136121    -99       0.000000
   37   1       0.117183       0.113145      0       0.000000
   38   1       0.109976       0.113145     37       0.000000
   39   1       0.117910       0.113145     37       0.000000

 Sum over the calculated charges:     -0.000

        Statistics of the fitting:
  The initial sum of squares (ssvpot)                      1.583
  The residual sum of squares (chipot)                     0.025
  The std err of estimate (sqrt(chipot/N))               0.00060
  ESP relative RMS (SQRT(chipot/ssvpot))                 0.12453

 Center of Mass (Angst.):

 X  =   0.00000      Y  =   0.00000      Z  =   0.00000

 Dipole (Debye):

 X  =  -0.11196      Y  =   0.00001      Z  =   0.00007

 Dipole Moment (Debye)=   0.11196

 Quadrupole (Debye*Angst.):

 Qxx =   8.13737     QYY =   4.97989     QZZ = -13.11726
 Qxy = -23.82639     QXZ = -23.65884     QYZ = -23.67226
