            --------------------------------------------------------
                             AMBER SQM VERSION 17
 
                                     By
              Ross C. Walker, Michael F. Crowley, Scott Brozell,
                         Tim Giese, Andreas W. Goetz,
                        Tai-Sung Lee and David A. Case
 
            --------------------------------------------------------
 

--------------------------------------------------------------------------------
  QM CALCULATION INFO
--------------------------------------------------------------------------------

| QMMM: Citation for AMBER QMMM Run:
| QMMM: R.C. Walker, M.F. Crowley and D.A. Case, J. COMP. CHEM. 29:1019, 2008

QMMM: SINGLET STATE CALCULATION
QMMM: RHF CALCULATION, NO. OF DOUBLY OCCUPIED LEVELS = 57

| QMMM: *** Selected Hamiltonian *** 
| QMMM: AM1         

| QMMM: *** Parameter sets in use ***
| QMMM: C : M.J.S.DEWAR et al. JACS, 107, 3902, (1985)
| QMMM: N : M.J.S.DEWAR et al. JACS, 107, 3902, (1985)
| QMMM: H : M.J.S.DEWAR et al. JACS, 107, 3902, (1985)

| QMMM: *** SCF convergence criteria ***
| QMMM: Energy change                :  0.1D-09 kcal/mol
| QMMM: Error matrix |FP-PF|         :  0.1D+00 au
| QMMM: Density matrix change        :  0.5D-06
| QMMM: Maximum number of SCF cycles :     1000

| QMMM: *** Diagonalization Routine Information ***
| QMMM: Pseudo diagonalizations are allowed.
| QMMM: Auto diagonalization routine selection is in use.
| QMMM:
| QMMM: Timing diagonalization routines:
| QMMM:                              norbs =      108
| QMMM:    diag iterations used for timing =       10
| QMMM:
| QMMM:              Internal diag routine = 0.031080 seconds
| QMMM:                 Dspev diag routine = 0.038768 seconds
| QMMM:                Dspevd diag routine = 0.029482 seconds
| QMMM:                Dspevx diag routine = 0.106168 seconds
| QMMM:                 Dsyev diag routine = 0.039444 seconds
| QMMM:                Dsyevd diag routine = 0.034062 seconds
| QMMM:                Dsyevr diag routine = 0.031817 seconds
| QMMM:
| QMMM:                Pseudo diag routine = 0.014779 seconds
| QMMM:
| QMMM: Using dspevd routine (diag_routine=3).

  QMMM: QM Region Cartesian Coordinates (*=link atom) 
  QMMM: QM_NO.   MM_NO.  ATOM         X         Y         Z
  QMMM:     1        1      C       32.6100   39.8720   30.4230
  QMMM:     2        2      N       32.3430   38.6090   30.1040
  QMMM:     3        3      C       32.6370   37.7050   31.0310
  QMMM:     4        4      N       33.1980   37.9930   32.2200
  QMMM:     5        5      C       33.3950   39.3020   32.4330
  QMMM:     6        6      N       33.1160   40.2740   31.5830
  QMMM:     7        7      C       32.3430   40.8960   29.3710
  QMMM:     8        8      C       32.6310   42.2420   29.5700
  QMMM:     9        9      C       32.4780   43.1220   28.5350
  QMMM:    10       10      N       32.0120   42.7330   27.3260
  QMMM:    11       11      C       31.7150   41.4420   27.1420
  QMMM:    12       12      C       31.8160   40.5070   28.1470
  QMMM:    13       13      H       32.9340   42.5470   30.4180
  QMMM:    14       14      H       32.7040   44.0350   28.6680
  QMMM:    15       15      H       31.4220   41.1590   26.2840
  QMMM:    16       16      H       31.5320   39.6110   28.0050
  QMMM:    17       17      C       32.3680   36.3010   30.6950
  QMMM:    18       18      C       31.7150   35.9970   29.5370
  QMMM:    19       19      C       31.5520   34.6520   29.1690
  QMMM:    20       20      N       31.9690   33.6710   29.9170
  QMMM:    21       21      C       32.5880   33.9590   31.0770
  QMMM:    22       22      C       32.8000   35.2430   31.4690
  QMMM:    23       23      H       31.3710   36.6910   28.9850
  QMMM:    24       24      H       31.1200   34.4510   28.3460
  QMMM:    25       25      H       32.8810   33.2500   31.6380
  QMMM:    26       26      H       33.2510   35.4150   32.2850
  QMMM:    27       27      C       33.9770   39.6890   33.7650
  QMMM:    28       28      C       34.0780   38.7900   34.8000
  QMMM:    29       29      C       34.6550   39.2040   35.9770
  QMMM:    30       30      N       35.1020   40.4800   36.1560
  QMMM:    31       31      C       34.9950   41.3260   35.1420
  QMMM:    32       32      C       34.4370   40.9950   33.9380
  QMMM:    33       33      H       33.7550   37.9000   34.7020
  QMMM:    34       34      H       34.7450   38.5820   36.6900
  QMMM:    35       35      H       35.3220   42.2090   35.2580
  QMMM:    36       36      H       34.3630   41.6360   33.2400

--------------------------------------------------------------------------------
  RESULTS
--------------------------------------------------------------------------------

      iter         sqm energy              rms gradient
      ----    -------------------    -----------------------
xmin    10      178.4476 kcal/mol        0.3463 kcal/(mol*A)
xmin    20      177.8289 kcal/mol        0.4089 kcal/(mol*A)
xmin    30      177.4254 kcal/mol        0.0720 kcal/(mol*A)
xmin    40      177.3956 kcal/mol        0.0808 kcal/(mol*A)
xmin    50      177.3870 kcal/mol        0.0664 kcal/(mol*A)
xmin    60      177.3401 kcal/mol        0.0973 kcal/(mol*A)
xmin    70      177.2772 kcal/mol        0.0721 kcal/(mol*A)
xmin    80      177.1811 kcal/mol        0.0616 kcal/(mol*A)
xmin    90      177.1036 kcal/mol        0.1859 kcal/(mol*A)
xmin   100      177.0873 kcal/mol        0.1432 kcal/(mol*A)
xmin   110      177.0825 kcal/mol        0.0366 kcal/(mol*A)
xmin   120      177.0782 kcal/mol        0.0088 kcal/(mol*A)
xmin   130      177.0781 kcal/mol        0.0021 kcal/(mol*A)
  ... geometry converged !
 
 Final MO eigenvalues (eV):
 -41.8675  -40.5034  -40.5017  -39.8956  -35.9086  -35.9071  -33.4276  -32.7908
 -32.7899  -31.8566  -31.7716  -31.7608  -27.1518  -27.1508  -25.1044  -24.5141
 -24.3490  -24.3248  -22.6109  -22.6098  -19.7180  -19.4160  -17.7581  -17.7498
 -17.3161  -17.0806  -17.0566  -16.8701  -16.8242  -16.7962  -16.0590  -16.0325
 -15.3548  -14.8084  -14.7544  -14.7411  -14.7268  -14.6734  -14.5292  -14.4100
 -14.4060  -12.9973  -12.9738  -12.8812  -12.4372  -12.3644  -11.5851  -11.5577
 -11.0630  -11.0274  -10.9973  -10.9144  -10.6891  -10.6691  -10.2137  -10.2103
 -10.2095   -1.2915   -1.2859   -0.3326   -0.1448   -0.1412   -0.1411    0.2280
   0.2830    1.7786    1.8697    2.0490    2.0697    2.4872    2.5260    2.6062
   3.1463    3.1492    3.2391    3.2503    3.2508    3.5444    3.5582    3.5703
   3.6446    3.6515    3.6649    3.6672    3.6847    3.6849    4.0269    4.1818
   4.1900    4.1932    4.4044    4.4066    4.4735    4.4809    4.4884    4.6919
   4.6948    4.7141    4.7798    5.0318    5.0320    5.2891    5.2964    5.2967
   6.3989    6.5103    6.5132    6.5145

 Heat of formation   =        177.07813894 kcal/mol  (        7.67868431 eV)

 Total SCF energy    =     -85512.66612337 kcal/mol  (    -3708.10745949 eV)
 Electronic energy   =    -581967.48419550 kcal/mol  (   -25236.00382444 eV)
 Core-core repulsion =     496454.81807213 kcal/mol  (    21527.89636495 eV)
 
    Atomic Charges for Step       1 :
  Atom    Element       Mulliken Charge
     1      C                  0.098
     2      N                 -0.186
     3      C                  0.098
     4      N                 -0.187
     5      C                  0.098
     6      N                 -0.186
     7      C                 -0.008
     8      C                 -0.135
     9      C                 -0.080
    10      N                 -0.120
    11      C                 -0.080
    12      C                 -0.135
    13      H                  0.159
    14      H                  0.165
    15      H                  0.165
    16      H                  0.159
    17      C                 -0.009
    18      C                 -0.135
    19      C                 -0.081
    20      N                 -0.121
    21      C                 -0.081
    22      C                 -0.135
    23      H                  0.158
    24      H                  0.165
    25      H                  0.165
    26      H                  0.161
    27      C                 -0.009
    28      C                 -0.135
    29      C                 -0.081
    30      N                 -0.121
    31      C                 -0.081
    32      C                 -0.135
    33      H                  0.161
    34      H                  0.165
    35      H                  0.165
    36      H                  0.158
 Total Mulliken Charge =       0.000
 
                  X        Y        Z     TOTAL  
  QM DIPOLE     0.005   -0.020    0.020    0.029
 
 Final Structure

  QMMM: QM Region Cartesian Coordinates (*=link atom) 
  QMMM: QM_NO.   MM_NO.  ATOM         X         Y         Z
  QMMM:     1        1      C       32.6959   39.8965   30.2997
  QMMM:     2        2      N       32.5057   38.5854   29.9425
  QMMM:     3        3      C       32.7755   37.6648   30.9234
  QMMM:     4        4      N       33.2007   37.9761   32.1902
  QMMM:     5        5      C       33.3556   39.3152   32.4451
  QMMM:     6        6      N       33.1205   40.3151   31.5354
  QMMM:     7        7      C       32.4223   40.9373   29.2751
  QMMM:     8        8      C       33.2171   42.0884   29.2006
  QMMM:     9        9      C       32.9150   43.0419   28.2107
  QMMM:    10       10      N       31.9033   42.9117   27.3315
  QMMM:    11       11      C       31.1498   41.7990   27.4194
  QMMM:    12       12      C       31.3655   40.7827   28.3686
  QMMM:    13       13      H       34.0545   42.2560   29.8914
  QMMM:    14       14      H       33.5177   43.9635   28.1175
  QMMM:    15       15      H       30.3266   41.7164   26.6868
  QMMM:    16       16      H       30.7170   39.8963   28.3854
  QMMM:    17       17      C       32.5974   36.2277   30.5900
  QMMM:    18       18      C       31.5521   35.8155   29.7537
  QMMM:    19       19      C       31.4287   34.4423   29.4716
  QMMM:    20       20      N       32.2604   33.5017   29.9586
  QMMM:    21       21      C       33.2600   33.9177   30.7593
  QMMM:    22       22      C       33.4731   35.2646   31.1074
  QMMM:    23       23      H       30.8430   36.5341   29.3208
  QMMM:    24       24      H       30.6178   34.0751   28.8168
  QMMM:    25       25      H       33.9284   33.1266   31.1451
  QMMM:    26       26      H       34.3061   35.5392   31.7692
  QMMM:    27       27      C       33.8076   39.7101   33.8044
  QMMM:    28       28      C       33.3715   39.0021   34.9317
  QMMM:    29       29      C       33.8291   39.4185   36.1958
  QMMM:    30       30      N       34.6644   40.4581   36.3831
  QMMM:    31       31      C       35.0730   41.1257   35.2873
  QMMM:    32       32      C       34.6755   40.7957   33.9783
  QMMM:    33       33      H       32.6927   38.1425   34.8454
  QMMM:    34       34      H       33.5084   38.8880   37.1106
  QMMM:    35       35      H       35.7571   41.9746   35.4684
  QMMM:    36       36      H       35.0409   41.3837   33.1254

           --------- Calculation Completed ----------

