            --------------------------------------------------------
                             AMBER SQM VERSION 19
 
                                     By
              Ross C. Walker, Michael F. Crowley, Scott Brozell,
                         Tim Giese, Andreas W. Goetz,
                        Tai-Sung Lee and David A. Case
 
            --------------------------------------------------------
 

--------------------------------------------------------------------------------
  QM CALCULATION INFO
--------------------------------------------------------------------------------

| QMMM: Citation for AMBER QMMM Run:
| QMMM: R.C. Walker, M.F. Crowley and D.A. Case, J. COMP. CHEM. 29:1019, 2008

QMMM: SINGLET STATE CALCULATION
QMMM: RHF CALCULATION, NO. OF DOUBLY OCCUPIED LEVELS = 25

| QMMM: *** Selected Hamiltonian *** 
| QMMM: AM1         

| QMMM: *** Parameter sets in use ***
| QMMM: N : M.J.S.DEWAR et al. JACS, 107, 3902, (1985)
| QMMM: C : M.J.S.DEWAR et al. JACS, 107, 3902, (1985)
| QMMM: H : M.J.S.DEWAR et al. JACS, 107, 3902, (1985)

| QMMM: *** SCF convergence criteria ***
| QMMM: Energy change                :  0.1D-09 kcal/mol
| QMMM: Error matrix |FP-PF|         :  0.1D+00 au
| QMMM: Density matrix change        :  0.5D-06
| QMMM: Maximum number of SCF cycles :     1000

| QMMM: *** Diagonalization Routine Information ***
| QMMM: Pseudo diagonalizations are allowed.
| QMMM: Auto diagonalization routine selection is in use.
| QMMM:
| QMMM: Timing diagonalization routines:
| QMMM:                              norbs =       48
| QMMM:    diag iterations used for timing =       20
| QMMM:
| QMMM:              Internal diag routine = 0.005527 seconds
| QMMM:                 Dspev diag routine = 0.011957 seconds
| QMMM:                Dspevd diag routine = 0.007678 seconds
| QMMM:                Dspevx diag routine = 0.022935 seconds
| QMMM:                 Dsyev diag routine = 0.008668 seconds
| QMMM:                Dsyevd diag routine = 0.006970 seconds
| QMMM:                Dsyevr diag routine = 0.005895 seconds
| QMMM:
| QMMM:                Pseudo diag routine = 0.001790 seconds
| QMMM:
| QMMM: Using internal diagonalization routine (diag_routine=1).

  QMMM: QM Region Cartesian Coordinates (*=link atom) 
  QMMM: QM_NO.   MM_NO.  ATOM         X         Y         Z
  QMMM:     1        1      N       -0.8670  -10.7780   -2.2310
  QMMM:     2        2      C        0.1560  -10.6030   -3.2900
  QMMM:     3        3      C       -0.1790  -11.2490   -1.0520
  QMMM:     4        4      C       -1.7960  -11.7570   -2.8870
  QMMM:     5        5      H       -0.2650  -10.2920   -4.0940
  QMMM:     6        6      H        0.5880  -11.4440   -3.4590
  QMMM:     7        7      H        0.8080   -9.9610   -3.0010
  QMMM:     8        8      H       -0.8130  -11.3780   -0.3440
  QMMM:     9        9      H        0.4770  -10.6010   -0.7830
  QMMM:    10       10      H        0.2550  -12.0820   -1.2470
  QMMM:    11       11      H       -1.8650  -11.5450   -3.8330
  QMMM:    12       12      H       -1.4220  -12.6490   -2.8100
  QMMM:    13       13      C       -3.0740  -11.7450   -2.3240
  QMMM:    14       14      N       -3.6200  -10.3910   -2.1030
  QMMM:    15       15      H       -3.0430  -12.2110   -1.4720
  QMMM:    16       16      H       -3.6770  -12.2330   -2.9030
  QMMM:    17       17      C       -4.5010  -10.0040   -3.2250
  QMMM:    18       18      C       -4.4490  -10.4010   -0.8980
  QMMM:    19       19      H       -3.9920   -9.9840   -4.0400
  QMMM:    20       20      H       -4.8720   -9.1360   -3.0580
  QMMM:    21       21      H       -5.2110  -10.6460   -3.3100
  QMMM:    22       22      H       -3.9120  -10.6500   -0.1430
  QMMM:    23       23      H       -5.1620  -11.0360   -1.0050
  QMMM:    24       24      H       -4.8180   -9.5270   -0.7550

--------------------------------------------------------------------------------
  RESULTS
--------------------------------------------------------------------------------

      iter         sqm energy              rms gradient
      ----    -------------------    -----------------------
xmin    10        5.8461 kcal/mol        0.2290 kcal/(mol*A)
xmin    20        5.6291 kcal/mol        0.1205 kcal/(mol*A)
xmin    30        5.2212 kcal/mol        0.2837 kcal/(mol*A)
xmin    40        5.0846 kcal/mol        0.0512 kcal/(mol*A)
xmin    50        5.0257 kcal/mol        0.0364 kcal/(mol*A)
xmin    60        5.0090 kcal/mol        0.0201 kcal/(mol*A)
xmin    70        5.0052 kcal/mol        0.0123 kcal/(mol*A)
xmin    80        5.0050 kcal/mol        0.0027 kcal/(mol*A)
xmin    90        5.0050 kcal/mol        0.0026 kcal/(mol*A)
  ... geometry converged !
 
 Final MO eigenvalues (eV):
 -39.0072  -37.0864  -30.5706  -28.2920  -27.9625  -25.6061  -23.0683  -20.6503
 -16.8846  -16.6753  -16.1864  -15.5521  -15.1648  -14.8625  -13.3751  -13.1718
 -12.9064  -12.8600  -12.4015  -12.3084  -12.1669  -12.0264  -11.6052   -8.9911
  -8.9610    3.0587    3.1928    3.8267    4.0610    4.2000    4.2659    4.2820
   4.3817    4.3910    4.5265    4.5872    4.6638    4.6963    4.7051    4.8227
   4.8326    4.9128    5.0780    5.1280    6.2315    6.4115    6.4214    6.5368


 Heat of formation   =          5.00502100 kcal/mol  (        0.21703400 eV)

 Total SCF energy    =     -32337.22310300 kcal/mol  (    -1402.24721838 eV)
 Electronic energy   =    -166412.45403545 kcal/mol  (    -7216.18550954 eV)
 Core-core repulsion =     134075.23093245 kcal/mol  (     5813.93829116 eV)
 
    Atomic Charges for Step       1 :
  Atom    Element       Mulliken Charge
     1      N                 -0.254
     2      C                 -0.120
     3      C                 -0.121
     4      C                 -0.063
     5      H                  0.079
     6      H                  0.041
     7      H                  0.084
     8      H                  0.101
     9      H                  0.079
    10      H                  0.037
    11      H                  0.086
    12      H                  0.049
    13      C                 -0.063
    14      N                 -0.254
    15      H                  0.086
    16      H                  0.049
    17      C                 -0.121
    18      C                 -0.120
    19      H                  0.101
    20      H                  0.079
    21      H                  0.037
    22      H                  0.079
    23      H                  0.041
    24      H                  0.084
 Total Mulliken Charge =      -0.000
 
                  X        Y        Z     TOTAL  
  QM DIPOLE    -0.227   -1.358   -0.385    1.429
 
 Final Structure

  QMMM: QM Region Cartesian Coordinates (*=link atom) 
  QMMM: QM_NO.   MM_NO.  ATOM         X         Y         Z
  QMMM:     1        1      N       -0.8091  -10.7824   -2.6560
  QMMM:     2        2      C        0.2616  -10.7993   -3.6293
  QMMM:     3        3      C       -0.3314  -10.8743   -1.2961
  QMMM:     4        4      C       -1.8497  -11.7407   -2.9884
  QMMM:     5        5      H       -0.1674  -10.6206   -4.6498
  QMMM:     6        6      H        0.8317  -11.7691   -3.6486
  QMMM:     7        7      H        0.9783   -9.9702   -3.3919
  QMMM:     8        8      H       -1.1688  -10.6112   -0.5984
  QMMM:     9        9      H        0.4989  -10.1349   -1.1476
  QMMM:    10       10      H        0.0533  -11.8977   -1.0299
  QMMM:    11       11      H       -2.2349  -11.4672   -4.0123
  QMMM:    12       12      H       -1.4361  -12.7929   -3.0526
  QMMM:    13       13      C       -3.0388  -11.8178   -2.0162
  QMMM:    14       14      N       -3.7096  -10.5631   -1.7209
  QMMM:    15       15      H       -2.6781  -12.2380   -1.0339
  QMMM:    16       16      H       -3.7543  -12.5724   -2.4645
  QMMM:    17       17      C       -4.0751   -9.7972   -2.8896
  QMMM:    18       18      C       -4.8144  -10.7518   -0.8056
  QMMM:    19       19      H       -3.1411   -9.4811   -3.4234
  QMMM:    20       20      H       -4.6277   -8.8759   -2.5670
  QMMM:    21       21      H       -4.7267  -10.3683   -3.6075
  QMMM:    22       22      H       -4.4400  -11.2595    0.1216
  QMMM:    23       23      H       -5.6499  -11.3702   -1.2362
  QMMM:    24       24      H       -5.2247   -9.7473   -0.5230

           --------- Calculation Completed ----------

