                  :-) GROMACS - gmx mdrun, 2020.2-MODIFIED (-:

                            GROMACS is written by:
     Emile Apol      Rossen Apostolov      Paul Bauer     Herman J.C. Berendsen
    Par Bjelkmar      Christian Blau   Viacheslav Bolnykh     Kevin Boyd    
 Aldert van Buuren   Rudi van Drunen     Anton Feenstra       Alan Gray     
  Gerrit Groenhof     Anca Hamuraru    Vincent Hindriksen  M. Eric Irrgang  
  Aleksei Iupinov   Christoph Junghans     Joe Jordan     Dimitrios Karkoulis
    Peter Kasson        Jiri Kraus      Carsten Kutzner      Per Larsson    
  Justin A. Lemkul    Viveca Lindahl    Magnus Lundborg     Erik Marklund   
    Pascal Merz     Pieter Meulenhoff    Teemu Murtola       Szilard Pall   
    Sander Pronk      Roland Schulz      Michael Shirts    Alexey Shvetsov  
   Alfons Sijbers     Peter Tieleman      Jon Vincent      Teemu Virolainen 
 Christian Wennberg    Maarten Wolf      Artem Zhmurov   
                           and the project leaders:
        Mark Abraham, Berk Hess, Erik Lindahl, and David van der Spoel

Copyright (c) 1991-2000, University of Groningen, The Netherlands.
Copyright (c) 2001-2019, The GROMACS development team at
Uppsala University, Stockholm University and
the Royal Institute of Technology, Sweden.
check out http://www.gromacs.org for more information.

GROMACS is free software; you can redistribute it and/or modify it
under the terms of the GNU Lesser General Public License
as published by the Free Software Foundation; either version 2.1
of the License, or (at your option) any later version.

GROMACS:      gmx mdrun, version 2020.2-MODIFIED
Executable:   /Users/fiskbook4/PROGRAMS/BIN/gromacs-2020.2/bin/gmx
Data prefix:  /Users/fiskbook4/PROGRAMS/BIN/gromacs-2020.2
Working dir:  /Users/fiskbook4/SUPSI/project_Catalysis/1.Parametrization/7.2b_cis
Process ID:   63596
Command line:
  gmx mdrun -maxh 0.16 -v

GROMACS version:    2020.2-MODIFIED
This program has been built from source code that has been altered and does not match the code released as part of the official GROMACS version 2020.2-MODIFIED. If you did not intend to use an altered GROMACS version, make sure to download an intact source distribution and compile that before proceeding.
If you have modified the source code, you are strongly encouraged to set your custom version suffix (using -DGMX_VERSION_STRING_OF_FORK) which will can help later with scientific reproducibility but also when reporting bugs.
Release checksum: 3f718d436b1ac2d44ce97164df8a13322fc143498ba44eccfd567e20d8aaea1d
Computed checksum: b1142ffb80d3fb7cda7044308fdb9b250d69d28d3b19aef7c398d889176954d7
Precision:          single
Memory model:       64 bit
MPI library:        thread_mpi
OpenMP support:     disabled
GPU support:        disabled
SIMD instructions:  SSE4.1
FFT library:        fftw-3.3.8-sse2-avx
RDTSCP usage:       disabled
TNG support:        enabled
Hwloc support:      hwloc-2.2.0
Tracing support:    disabled
C compiler:         /usr/local/bin/mpicc AppleClang 12.0.0.12000032
C compiler flags:   -msse4.1 -Wno-unknown-pragmas -fno-stack-check -fno-stack-check -O3 -DNDEBUG
C++ compiler:       /usr/local/bin/mpicxx AppleClang 12.0.0.12000032
C++ compiler flags: -msse4.1 -Wno-unknown-pragmas -fno-stack-check -fno-stack-check -O3 -DNDEBUG


Running on 1 node with total 8 cores, 16 logical cores
Hardware detected:
  CPU info:
    Vendor: Intel
    Brand:  Intel(R) Core(TM) i9-9880H CPU @ 2.30GHz
    Family: 6   Model: 158   Stepping: 13
    Features: aes apic avx avx2 clfsh cmov cx8 cx16 f16c fma htt intel lahf mmx msr nonstop_tsc pcid pclmuldq pdcm pdpe1gb popcnt pse rdrnd rdtscp sse2 sse3 sse4.1 sse4.2 ssse3 tdt x2apic
  Hardware topology: Full
    Sockets, cores, and logical processors:
      Socket  0: [   0   1] [   2   3] [   4   5] [   6   7] [   8   9] [  10  11] [  12  13] [  14  15]
    Numa nodes:
      Node  0 (34359738368 bytes mem):   0   1   2   3   4   5   6   7   8   9  10  11  12  13  14  15
      Latency:
               0
         0  1.00
    Caches:
      L1: 32768 bytes, linesize 64 bytes, assoc. 0, shared 2 ways
      L2: 262144 bytes, linesize 64 bytes, assoc. 4, shared 2 ways
      L3: 16777216 bytes, linesize 64 bytes, assoc. 0, shared 16 ways

Highest SIMD level requested by all nodes in run: AVX2_256
SIMD instructions selected at compile time:       SSE4.1
This program was compiled for different hardware than you are running on,
which could influence performance.
The current CPU can measure timings more accurately than the code in
gmx mdrun was configured to use. This might affect your simulation
speed as accurate timings are needed for load-balancing.
Please consider rebuilding gmx mdrun with the GMX_USE_RDTSCP=ON CMake option.

++++ PLEASE READ AND CITE THE FOLLOWING REFERENCE ++++
M. J. Abraham, T. Murtola, R. Schulz, S. Páll, J. C. Smith, B. Hess, E.
Lindahl
GROMACS: High performance molecular simulations through multi-level
parallelism from laptops to supercomputers
SoftwareX 1 (2015) pp. 19-25
-------- -------- --- Thank You --- -------- --------


++++ PLEASE READ AND CITE THE FOLLOWING REFERENCE ++++
S. Páll, M. J. Abraham, C. Kutzner, B. Hess, E. Lindahl
Tackling Exascale Software Challenges in Molecular Dynamics Simulations with
GROMACS
In S. Markidis & E. Laure (Eds.), Solving Software Challenges for Exascale 8759 (2015) pp. 3-27
-------- -------- --- Thank You --- -------- --------


++++ PLEASE READ AND CITE THE FOLLOWING REFERENCE ++++
S. Pronk, S. Páll, R. Schulz, P. Larsson, P. Bjelkmar, R. Apostolov, M. R.
Shirts, J. C. Smith, P. M. Kasson, D. van der Spoel, B. Hess, and E. Lindahl
GROMACS 4.5: a high-throughput and highly parallel open source molecular
simulation toolkit
Bioinformatics 29 (2013) pp. 845-54
-------- -------- --- Thank You --- -------- --------


++++ PLEASE READ AND CITE THE FOLLOWING REFERENCE ++++
B. Hess and C. Kutzner and D. van der Spoel and E. Lindahl
GROMACS 4: Algorithms for highly efficient, load-balanced, and scalable
molecular simulation
J. Chem. Theory Comput. 4 (2008) pp. 435-447
-------- -------- --- Thank You --- -------- --------


++++ PLEASE READ AND CITE THE FOLLOWING REFERENCE ++++
D. van der Spoel, E. Lindahl, B. Hess, G. Groenhof, A. E. Mark and H. J. C.
Berendsen
GROMACS: Fast, Flexible and Free
J. Comp. Chem. 26 (2005) pp. 1701-1719
-------- -------- --- Thank You --- -------- --------


++++ PLEASE READ AND CITE THE FOLLOWING REFERENCE ++++
E. Lindahl and B. Hess and D. van der Spoel
GROMACS 3.0: A package for molecular simulation and trajectory analysis
J. Mol. Mod. 7 (2001) pp. 306-317
-------- -------- --- Thank You --- -------- --------


++++ PLEASE READ AND CITE THE FOLLOWING REFERENCE ++++
H. J. C. Berendsen, D. van der Spoel and R. van Drunen
GROMACS: A message-passing parallel molecular dynamics implementation
Comp. Phys. Comm. 91 (1995) pp. 43-56
-------- -------- --- Thank You --- -------- --------


++++ PLEASE CITE THE DOI FOR THIS VERSION OF GROMACS ++++
https://doi.org/10.5281/zenodo.3773801
-------- -------- --- Thank You --- -------- --------

Input Parameters:
   integrator                     = md
   tinit                          = 0
   dt                             = 0.002
   nsteps                         = 500000000
   init-step                      = 0
   simulation-part                = 1
   comm-mode                      = Linear
   nstcomm                        = 100
   bd-fric                        = 0
   ld-seed                        = -233361679
   emtol                          = 10
   emstep                         = 0.01
   niter                          = 20
   fcstep                         = 0
   nstcgsteep                     = 1000
   nbfgscorr                      = 10
   rtpi                           = 0.05
   nstxout                        = 10000000
   nstvout                        = 10000000
   nstfout                        = 0
   nstlog                         = 50000
   nstcalcenergy                  = 10
   nstenergy                      = 2000
   nstxout-compressed             = 20000
   compressed-x-precision         = 1000
   cutoff-scheme                  = Verlet
   nstlist                        = 20
   pbc                            = xyz
   periodic-molecules             = false
   verlet-buffer-tolerance        = 0.005
   rlist                          = 1.028
   coulombtype                    = PME
   coulomb-modifier               = Potential-shift
   rcoulomb-switch                = 0
   rcoulomb                       = 1
   epsilon-r                      = 1
   epsilon-rf                     = inf
   vdw-type                       = Cut-off
   vdw-modifier                   = Potential-shift
   rvdw-switch                    = 0
   rvdw                           = 1
   DispCorr                       = No
   table-extension                = 1
   fourierspacing                 = 0.16
   fourier-nx                     = 24
   fourier-ny                     = 24
   fourier-nz                     = 24
   pme-order                      = 4
   ewald-rtol                     = 1e-05
   ewald-rtol-lj                  = 0.001
   lj-pme-comb-rule               = Geometric
   ewald-geometry                 = 0
   epsilon-surface                = 0
   tcoupl                         = V-rescale
   nsttcouple                     = 20
   nh-chain-length                = 0
   print-nose-hoover-chain-variables = false
   pcoupl                         = Berendsen
   pcoupltype                     = Isotropic
   nstpcouple                     = 20
   tau-p                          = 1
   compressibility (3x3):
      compressibility[    0]={ 4.50000e-05,  0.00000e+00,  0.00000e+00}
      compressibility[    1]={ 0.00000e+00,  4.50000e-05,  0.00000e+00}
      compressibility[    2]={ 0.00000e+00,  0.00000e+00,  4.50000e-05}
   ref-p (3x3):
      ref-p[    0]={ 1.00000e+00,  0.00000e+00,  0.00000e+00}
      ref-p[    1]={ 0.00000e+00,  1.00000e+00,  0.00000e+00}
      ref-p[    2]={ 0.00000e+00,  0.00000e+00,  1.00000e+00}
   refcoord-scaling               = All
   posres-com (3):
      posres-com[0]= 0.00000e+00
      posres-com[1]= 0.00000e+00
      posres-com[2]= 0.00000e+00
   posres-comB (3):
      posres-comB[0]= 0.00000e+00
      posres-comB[1]= 0.00000e+00
      posres-comB[2]= 0.00000e+00
   QMMM                           = false
   QMconstraints                  = 0
   QMMMscheme                     = 0
   MMChargeScaleFactor            = 1
qm-opts:
   ngQM                           = 0
   constraint-algorithm           = Lincs
   continuation                   = false
   Shake-SOR                      = false
   shake-tol                      = 0.0001
   lincs-order                    = 4
   lincs-iter                     = 2
   lincs-warnangle                = 80
   nwall                          = 0
   wall-type                      = 9-3
   wall-r-linpot                  = -1
   wall-atomtype[0]               = -1
   wall-atomtype[1]               = -1
   wall-density[0]                = 0
   wall-density[1]                = 0
   wall-ewald-zfac                = 3
   pull                           = false
   awh                            = false
   rotation                       = false
   interactiveMD                  = false
   disre                          = No
   disre-weighting                = Conservative
   disre-mixed                    = false
   dr-fc                          = 1000
   dr-tau                         = 0
   nstdisreout                    = 100
   orire-fc                       = 0
   orire-tau                      = 0
   nstorireout                    = 100
   free-energy                    = no
   cos-acceleration               = 0
   deform (3x3):
      deform[    0]={ 0.00000e+00,  0.00000e+00,  0.00000e+00}
      deform[    1]={ 0.00000e+00,  0.00000e+00,  0.00000e+00}
      deform[    2]={ 0.00000e+00,  0.00000e+00,  0.00000e+00}
   simulated-tempering            = false
   swapcoords                     = no
   userint1                       = 0
   userint2                       = 0
   userint3                       = 0
   userint4                       = 0
   userreal1                      = 0
   userreal2                      = 0
   userreal3                      = 0
   userreal4                      = 0
   applied-forces:
     electric-field:
       x:
         E0                       = 0
         omega                    = 0
         t0                       = 0
         sigma                    = 0
       y:
         E0                       = 0
         omega                    = 0
         t0                       = 0
         sigma                    = 0
       z:
         E0                       = 0
         omega                    = 0
         t0                       = 0
         sigma                    = 0
     density-guided-simulation:
       active                     = false
       group                      = protein
       similarity-measure         = inner-product
       atom-spreading-weight      = unity
       force-constant             = 1e+09
       gaussian-transform-spreading-width = 0.2
       gaussian-transform-spreading-range-in-multiples-of-width = 4
       reference-density-filename = reference.mrc
       nst                        = 1
       normalize-densities        = true
       adaptive-force-scaling     = false
       adaptive-force-scaling-time-constant = 4
grpopts:
   nrdf:        7337
   ref-t:         293
   tau-t:           1
annealing:          No
annealing-npoints:           0
   acc:	           0           0           0
   nfreeze:           N           N           N
   energygrp-flags[  0]: 0

Changing nstlist from 20 to 50, rlist from 1.028 to 1.108


Initializing Domain Decomposition on 16 ranks
Dynamic load balancing: auto
Minimum cell size due to atom displacement: 0.441 nm
Initial maximum distances in bonded interactions:
    two-body bonded interactions: 0.405 nm, LJ-14, atoms 1 4
  multi-body bonded interactions: 0.405 nm, Ryckaert-Bell., atoms 1 4
Minimum cell size due to bonded interactions: 0.446 nm
Maximum distance for 5 constraints, at 120 deg. angles, all-trans: 0.219 nm
Estimated maximum distance required for P-LINCS: 0.219 nm
Scaling the initial minimum size with 1/0.8 (option -dds) = 1.25
Using 0 separate PME ranks, as there are too few total
 ranks for efficient splitting
Optimizing the DD grid for 16 cells with a minimum initial size of 0.557 nm
The maximum allowed number of cells is: X 6 Y 6 Z 6
Domain decomposition grid 4 x 4 x 1, separate PME ranks 0
PME domain decomposition: 4 x 4 x 1
Domain decomposition rank 0, coordinates 0 0 0

The initial number of communication pulses is: X 2 Y 2
The initial domain decomposition cell size is: X 0.84 nm Y 0.84 nm

The maximum allowed distance for atoms involved in interactions is:
                 non-bonded interactions           1.108 nm
(the following are initial values, they could change due to box deformation)
            two-body bonded interactions  (-rdd)   1.108 nm
          multi-body bonded interactions  (-rdd)   0.836 nm
  atoms separated by up to 5 constraints  (-rcon)  0.836 nm

When dynamic load balancing gets turned on, these settings will change to:
The maximum number of communication pulses is: X 2 Y 2
The minimum size for domain decomposition cells is 0.641 nm
The requested allowed shrink of DD cells (option -dds) is: 0.80
The allowed shrink of domain decomposition cells is: X 0.77 Y 0.77
The maximum allowed distance for atoms involved in interactions is:
                 non-bonded interactions           1.108 nm
            two-body bonded interactions  (-rdd)   1.108 nm
          multi-body bonded interactions  (-rdd)   0.641 nm
  atoms separated by up to 5 constraints  (-rcon)  0.641 nm

Using 16 MPI threads
System total charge: 0.000
Will do PME sum in reciprocal space for electrostatic interactions.

++++ PLEASE READ AND CITE THE FOLLOWING REFERENCE ++++
U. Essmann, L. Perera, M. L. Berkowitz, T. Darden, H. Lee and L. G. Pedersen 
A smooth particle mesh Ewald method
J. Chem. Phys. 103 (1995) pp. 8577-8592
-------- -------- --- Thank You --- -------- --------

Using a Gaussian width (1/beta) of 0.320163 nm for Ewald
Potential shift: LJ r^-12: -1.000e+00 r^-6: -1.000e+00, Ewald -1.000e-05
Initialized non-bonded Ewald tables, spacing: 9.33e-04 size: 1073

Generated table with 1054 data points for 1-4 COUL.
Tabscale = 500 points/nm
Generated table with 1054 data points for 1-4 LJ6.
Tabscale = 500 points/nm
Generated table with 1054 data points for 1-4 LJ12.
Tabscale = 500 points/nm

Using SIMD 4x4 nonbonded short-range kernels

Using a dual 4x4 pair-list setup updated with dynamic pruning:
  outer list: updated every 50 steps, buffer 0.108 nm, rlist 1.108 nm
  inner list: updated every 12 steps, buffer 0.002 nm, rlist 1.002 nm
At tolerance 0.005 kJ/mol/ps per atom, equivalent classical 1x1 list would be:
  outer list: updated every 50 steps, buffer 0.234 nm, rlist 1.234 nm
  inner list: updated every 12 steps, buffer 0.046 nm, rlist 1.046 nm

Using Lorentz-Berthelot Lennard-Jones combination rule

Removing pbc first time

Initializing Parallel LINear Constraint Solver

++++ PLEASE READ AND CITE THE FOLLOWING REFERENCE ++++
B. Hess
P-LINCS: A Parallel Linear Constraint Solver for molecular simulation
J. Chem. Theory Comput. 4 (2008) pp. 116-122
-------- -------- --- Thank You --- -------- --------

The number of constraints is 13
There are constraints between atoms in different decomposition domains,
will communicate selected coordinates each lincs iteration

++++ PLEASE READ AND CITE THE FOLLOWING REFERENCE ++++
S. Miyamoto and P. A. Kollman
SETTLE: An Analytical Version of the SHAKE and RATTLE Algorithms for Rigid
Water Models
J. Comp. Chem. 13 (1992) pp. 952-962
-------- -------- --- Thank You --- -------- --------


Linking all bonded interactions to atoms


Intra-simulation communication will occur every 10 steps.

++++ PLEASE READ AND CITE THE FOLLOWING REFERENCE ++++
G. Bussi, D. Donadio and M. Parrinello
Canonical sampling through velocity rescaling
J. Chem. Phys. 126 (2007) pp. 014101
-------- -------- --- Thank You --- -------- --------

There are: 3661 Atoms
Atom distribution over 16 domains: av 228 stddev 21 min 210 max 242

Constraining the starting coordinates (step 0)

Constraining the coordinates at t0-dt (step 0)
Center of mass motion removal mode is Linear
We have the following groups for center of mass motion removal:
  0:  rest
RMS relative constraint deviation after constraining: 0.00e+00
Initial temperature: 294.807 K

Started mdrun on rank 0 Wed Oct 28 12:52:53 2020

           Step           Time
              0        0.00000

   Energies (kJ/mol)
           Bond          Angle    Proper Dih. Ryckaert-Bell.          LJ-14
    2.48659e+01    4.35958e+01    4.54549e+00    8.75890e+01    2.25707e+01
     Coulomb-14        LJ (SR)   Coulomb (SR)   Coul. recip.      Potential
    4.02753e+01    7.77316e+03   -5.68836e+04    2.87022e+02   -4.85999e+04
    Kinetic En.   Total Energy  Conserved En.    Temperature Pressure (bar)
    9.10951e+03   -3.94904e+04   -3.94903e+04    2.98657e+02   -1.51954e+01
   Constr. rmsd
    5.29219e-07


DD  step 49 load imb.: force  9.2%

step 100 Turning on dynamic load balancing, because the performance loss due to load imbalance is 4.1 %.
step 3000 Turning off dynamic load balancing, because it is degrading performance.
Atom distribution over 16 domains: av 228 stddev 21 min 221 max 247
step 10000 Turning on dynamic load balancing, because the performance loss due to load imbalance is 4.1 %.
step 11000 Turning off dynamic load balancing, because it is degrading performance.
Atom distribution over 16 domains: av 228 stddev 21 min 207 max 245
step 15000 Turning on dynamic load balancing, because the performance loss due to load imbalance is 4.4 %.
step 16000 Turning off dynamic load balancing, because it is degrading performance.
Atom distribution over 16 domains: av 228 stddev 21 min 215 max 244
step 20000 Turning on dynamic load balancing, because the performance loss due to load imbalance is 4.4 %.
step 23000 Turning off dynamic load balancing, because it is degrading performance.
Atom distribution over 16 domains: av 228 stddev 21 min 215 max 246
step 25000 Will no longer try dynamic load balancing, as it degraded performance.

DD  step 49999 load imb.: force  5.9%
           Step           Time
          50000      100.00000

   Energies (kJ/mol)
           Bond          Angle    Proper Dih. Ryckaert-Bell.          LJ-14
    3.32092e+01    4.42040e+01    4.42887e+00    6.14935e+01    2.08867e+01
     Coulomb-14        LJ (SR)   Coulomb (SR)   Coul. recip.      Potential
    3.57384e+01    7.73661e+03   -5.64323e+04    2.86786e+02   -4.82090e+04
    Kinetic En.   Total Energy  Conserved En.    Temperature Pressure (bar)
    8.95130e+03   -3.92577e+04   -3.93669e+04    2.93470e+02    1.40481e+02
   Constr. rmsd
    3.76580e-07


DD  step 99999 load imb.: force  4.9%
           Step           Time
         100000      200.00000

   Energies (kJ/mol)
           Bond          Angle    Proper Dih. Ryckaert-Bell.          LJ-14
    1.30617e+01    4.41140e+01    3.55931e+00    7.86994e+01    3.15949e+01
     Coulomb-14        LJ (SR)   Coulomb (SR)   Coul. recip.      Potential
    4.23297e+01    7.89442e+03   -5.69844e+04    3.01188e+02   -4.85755e+04
    Kinetic En.   Total Energy  Conserved En.    Temperature Pressure (bar)
    9.08413e+03   -3.94913e+04   -3.92479e+04    2.97825e+02    4.57939e+02
   Constr. rmsd
    3.67428e-07


DD  step 149999 load imb.: force 18.0%
           Step           Time
         150000      300.00000

   Energies (kJ/mol)
           Bond          Angle    Proper Dih. Ryckaert-Bell.          LJ-14
    2.11075e+01    7.05611e+01    2.59845e+00    6.54499e+01    2.27693e+01
     Coulomb-14        LJ (SR)   Coulomb (SR)   Coul. recip.      Potential
    3.73309e+01    7.48233e+03   -5.67430e+04    2.94333e+02   -4.87465e+04
    Kinetic En.   Total Energy  Conserved En.    Temperature Pressure (bar)
    8.80160e+03   -3.99449e+04   -3.91051e+04    2.88562e+02   -4.37626e+02
   Constr. rmsd
    5.24442e-07


DD  step 199999 load imb.: force  5.7%
           Step           Time
         200000      400.00000

   Energies (kJ/mol)
           Bond          Angle    Proper Dih. Ryckaert-Bell.          LJ-14
    1.80511e+01    7.34258e+01    2.91488e+00    4.41979e+01    2.92026e+01
     Coulomb-14        LJ (SR)   Coulomb (SR)   Coul. recip.      Potential
    3.92037e+01    7.67283e+03   -5.68823e+04    2.85003e+02   -4.87174e+04
    Kinetic En.   Total Energy  Conserved En.    Temperature Pressure (bar)
    8.97760e+03   -3.97398e+04   -3.89920e+04    2.94332e+02   -1.79482e+02
   Constr. rmsd
    3.30627e-07


DD  step 249999 load imb.: force  5.7%
           Step           Time
         250000      500.00000

   Energies (kJ/mol)
           Bond          Angle    Proper Dih. Ryckaert-Bell.          LJ-14
    2.64456e+01    6.19014e+01    3.05656e+00    8.46312e+01    2.22480e+01
     Coulomb-14        LJ (SR)   Coulomb (SR)   Coul. recip.      Potential
    3.51990e+01    7.33151e+03   -5.62554e+04    3.03970e+02   -4.83864e+04
    Kinetic En.   Total Energy  Conserved En.    Temperature Pressure (bar)
    8.94292e+03   -3.94435e+04   -3.88453e+04    2.93195e+02   -7.91487e+02
   Constr. rmsd
    3.87048e-07


DD  step 299999 load imb.: force 15.3%
           Step           Time
         300000      600.00000

   Energies (kJ/mol)
           Bond          Angle    Proper Dih. Ryckaert-Bell.          LJ-14
    2.48216e+01    5.70542e+01    1.03116e+00    4.94137e+01    2.24299e+01
     Coulomb-14        LJ (SR)   Coulomb (SR)   Coul. recip.      Potential
    3.72434e+01    8.01973e+03   -5.67219e+04    3.29662e+02   -4.81805e+04
    Kinetic En.   Total Energy  Conserved En.    Temperature Pressure (bar)
    8.78387e+03   -3.93966e+04   -3.87284e+04    2.87981e+02    4.23829e+02
   Constr. rmsd
    2.40274e-07


DD  step 349999 load imb.: force  7.9%
           Step           Time
         350000      700.00000

   Energies (kJ/mol)
           Bond          Angle    Proper Dih. Ryckaert-Bell.          LJ-14
    3.20134e+01    6.79673e+01    3.44821e+00    6.13409e+01    2.31329e+01
     Coulomb-14        LJ (SR)   Coulomb (SR)   Coul. recip.      Potential
    3.95615e+01    7.60065e+03   -5.67772e+04    3.17341e+02   -4.86317e+04
    Kinetic En.   Total Energy  Conserved En.    Temperature Pressure (bar)
    8.85587e+03   -3.97758e+04   -3.86009e+04    2.90341e+02   -3.53705e+02
   Constr. rmsd
    3.96121e-07


DD  step 399999 load imb.: force  7.9%
           Step           Time
         400000      800.00000

   Energies (kJ/mol)
           Bond          Angle    Proper Dih. Ryckaert-Bell.          LJ-14
    2.01165e+01    5.02105e+01    1.83233e+00    5.07359e+01    2.98650e+01
     Coulomb-14        LJ (SR)   Coulomb (SR)   Coul. recip.      Potential
    4.61266e+01    8.03424e+03   -5.72567e+04    3.02090e+02   -4.87215e+04
    Kinetic En.   Total Energy  Conserved En.    Temperature Pressure (bar)
    8.97353e+03   -3.97480e+04   -3.84758e+04    2.94198e+02    2.89374e+02
   Constr. rmsd
    3.42403e-07


DD  step 449999 load imb.: force 15.8%
           Step           Time
         450000      900.00000

   Energies (kJ/mol)
           Bond          Angle    Proper Dih. Ryckaert-Bell.          LJ-14
    3.82709e+01    6.48924e+01    1.09756e+00    8.22195e+01    2.74225e+01
     Coulomb-14        LJ (SR)   Coulomb (SR)   Coul. recip.      Potential
    3.17415e+01    7.75488e+03   -5.65481e+04    3.26006e+02   -4.82216e+04
    Kinetic En.   Total Energy  Conserved En.    Temperature Pressure (bar)
    9.14026e+03   -3.90813e+04   -3.83610e+04    2.99665e+02    4.06097e+02
   Constr. rmsd
    3.20057e-07


DD  step 499999 load imb.: force  4.2%
           Step           Time
         500000     1000.00000

   Energies (kJ/mol)
           Bond          Angle    Proper Dih. Ryckaert-Bell.          LJ-14
    3.31758e+01    4.70384e+01    5.25733e+00    7.52565e+01    2.10089e+01
     Coulomb-14        LJ (SR)   Coulomb (SR)   Coul. recip.      Potential
    3.40688e+01    7.71950e+03   -5.68276e+04    3.00931e+02   -4.85914e+04
    Kinetic En.   Total Energy  Conserved En.    Temperature Pressure (bar)
    8.77809e+03   -3.98133e+04   -3.82268e+04    2.87791e+02   -1.11728e+02
   Constr. rmsd
    2.08616e-07


Step 516550: Run time exceeded 0.158 hours, will terminate the run within 50 steps
           Step           Time
         516600     1033.20000

Writing checkpoint, step 516600 at Wed Oct 28 13:02:24 2020


   Energies (kJ/mol)
           Bond          Angle    Proper Dih. Ryckaert-Bell.          LJ-14
    2.50405e+01    4.01415e+01    1.39373e+00    7.71041e+01    2.29681e+01
     Coulomb-14        LJ (SR)   Coulomb (SR)   Coul. recip.      Potential
    3.87239e+01    7.51198e+03   -5.63901e+04    3.19148e+02   -4.83536e+04
    Kinetic En.   Total Energy  Conserved En.    Temperature Pressure (bar)
    8.96467e+03   -3.93890e+04   -3.81869e+04    2.93908e+02   -2.75003e+02
   Constr. rmsd
    3.75884e-07


	<======  ###############  ==>
	<====  A V E R A G E S  ====>
	<==  ###############  ======>

	Statistics over 516601 steps using 51661 frames

   Energies (kJ/mol)
           Bond          Angle    Proper Dih. Ryckaert-Bell.          LJ-14
    2.47821e+01    5.66523e+01    2.85428e+00    6.58972e+01    2.46764e+01
     Coulomb-14        LJ (SR)   Coulomb (SR)   Coul. recip.      Potential
    3.67678e+01    7.68355e+03   -5.65594e+04    3.00844e+02   -4.83634e+04
    Kinetic En.   Total Energy  Conserved En.    Temperature Pressure (bar)
    8.93439e+03   -3.94290e+04   -3.88380e+04    2.92915e+02    4.32766e-01
   Constr. rmsd
    0.00000e+00

          Box-X          Box-Y          Box-Z
    3.34139e+00    3.34139e+00    3.34139e+00

   Total Virial (kJ/mol)
    2.97458e+03   -5.19393e-03   -1.72205e+00
   -1.35515e-02    2.97931e+03   -5.36288e+00
   -1.72959e+00   -5.35889e+00    2.97921e+03

   Pressure (bar)
    3.34392e+00   -2.76199e-01    1.24594e+00
   -2.68747e-01   -1.99716e+00    4.68946e+00
    1.25262e+00    4.68589e+00   -4.84574e-02


	M E G A - F L O P S   A C C O U N T I N G

 NB=Group-cutoff nonbonded kernels    NxN=N-by-N cluster Verlet kernels
 RF=Reaction-Field  VdW=Van der Waals  QSTab=quadratic-spline table
 W3=SPC/TIP3p  W4=TIP4p (single or pairs)
 V&F=Potential and force  V=Potential only  F=Force only

 Computing:                               M-Number         M-Flops  % Flops
-----------------------------------------------------------------------------
 Pair Search distance check           12800.938104      115208.443     0.3
 NxN QSTab Elec. + LJ [F]            431945.566920    17709768.244    44.5
 NxN QSTab Elec. + LJ [V&F]           47994.888352     2831698.413     7.1
 NxN QSTab Elec. [F]                 416555.674920    14162892.947    35.6
 NxN QSTab Elec. [V&F]                46284.853984     1897679.013     4.8
 1,4 nonbonded interactions              27.896454        2510.681     0.0
 Calc Weights                          5673.828783      204257.836     0.5
 Spread Q Bspline                    121041.680704      242083.361     0.6
 Gather F Bspline                    121041.680704      726250.084     1.8
 3D-FFT                              196460.260694     1571682.086     3.9
 Solve PME                             1190.248704       76175.917     0.2
 Reset In Box                            37.814469         113.443     0.0
 CG-CoM                                  37.832774         113.498     0.0
 Bonds                                    9.815419         579.110     0.0
 Angles                                  26.346651        4426.237     0.0
 Propers                                  6.199212        1419.620     0.0
 RB-Dihedrals                            32.029262        7911.228     0.0
 Virial                                 226.326841        4073.883     0.0
 Stop-CM                                 18.920048         189.200     0.0
 P-Coupling                              94.567291         567.404     0.0
 Calc-Ekin                              378.261842       10213.070     0.0
 Lincs                                    8.138693         488.322     0.0
 Lincs-Mat                               48.818016         195.272     0.0
 Constraint-V                          2270.540736       18164.326     0.0
 Constraint-Vir                         226.243729        5429.849     0.0
 Settle                                 751.422589      242709.496     0.6
-----------------------------------------------------------------------------
 Total                                                39836800.984   100.0
-----------------------------------------------------------------------------


    D O M A I N   D E C O M P O S I T I O N   S T A T I S T I C S

 av. #atoms communicated per step for force:  2 x 14773.4
 av. #atoms communicated per step for LINCS:  3 x 756.6


Dynamic load balancing report:
 DLB got disabled because it was unsuitable to use.
 Average load imbalance: 9.3%.
 The balanceable part of the MD step is 47%, load imbalance is computed from this.
 Part of the total run time spent waiting due to load imbalance: 4.4%.


     R E A L   C Y C L E   A N D   T I M E   A C C O U N T I N G

On 16 MPI ranks

 Computing:          Num   Num      Call    Wall time         Giga-Cycles
                     Ranks Threads  Count      (s)         total sum    %
-----------------------------------------------------------------------------
 Domain decomp.        16    1      10333       6.564        241.989   1.2
 DD comm. load         16    1       5246       0.051          1.882   0.0
 DD comm. bounds       16    1        158       0.020          0.741   0.0
 Neighbor search       16    1      10333       6.331        233.376   1.1
 Comm. coord.          16    1     506268      23.724        874.572   4.2
 Force                 16    1     516601     243.372       8971.692  42.7
 Wait + Comm. F        16    1     516601      21.467        791.359   3.8
 PME mesh              16    1     516601     244.421       9010.365  42.9
 NB X/F buffer ops.    16    1    1529137       4.140        152.627   0.7
 Write traj.           16    1         27       0.002          0.067   0.0
 Update                16    1     516601       0.790         29.138   0.1
 Constraints           16    1     516603      15.179        559.550   2.7
 Comm. energies        16    1      51661       2.219         81.812   0.4
 Rest                                           2.036         75.052   0.4
-----------------------------------------------------------------------------
 Total                                        570.316      21024.222 100.0
-----------------------------------------------------------------------------
 Breakdown of PME mesh computation
-----------------------------------------------------------------------------
 PME redist. X/F       16    1    1033202     126.406       4659.850  22.2
 PME spread            16    1     516601      32.262       1189.323   5.7
 PME gather            16    1     516601      24.087        887.960   4.2
 PME 3D-FFT            16    1    1033202      14.385        530.291   2.5
 PME 3D-FFT Comm.      16    1    2066404      44.789       1651.108   7.9
 PME solve Elec        16    1     516601       2.246         82.782   0.4
-----------------------------------------------------------------------------

               Core t (s)   Wall t (s)        (%)
       Time:     9125.006      570.316     1600.0
                 (ns/day)    (hour/ns)
Performance:      156.525        0.153
Finished mdrun on rank 0 Wed Oct 28 13:02:24 2020

