                  :-) GROMACS - gmx mdrun, 2020.2-MODIFIED (-:

                            GROMACS is written by:
     Emile Apol      Rossen Apostolov      Paul Bauer     Herman J.C. Berendsen
    Par Bjelkmar      Christian Blau   Viacheslav Bolnykh     Kevin Boyd    
 Aldert van Buuren   Rudi van Drunen     Anton Feenstra       Alan Gray     
  Gerrit Groenhof     Anca Hamuraru    Vincent Hindriksen  M. Eric Irrgang  
  Aleksei Iupinov   Christoph Junghans     Joe Jordan     Dimitrios Karkoulis
    Peter Kasson        Jiri Kraus      Carsten Kutzner      Per Larsson    
  Justin A. Lemkul    Viveca Lindahl    Magnus Lundborg     Erik Marklund   
    Pascal Merz     Pieter Meulenhoff    Teemu Murtola       Szilard Pall   
    Sander Pronk      Roland Schulz      Michael Shirts    Alexey Shvetsov  
   Alfons Sijbers     Peter Tieleman      Jon Vincent      Teemu Virolainen 
 Christian Wennberg    Maarten Wolf      Artem Zhmurov   
                           and the project leaders:
        Mark Abraham, Berk Hess, Erik Lindahl, and David van der Spoel

Copyright (c) 1991-2000, University of Groningen, The Netherlands.
Copyright (c) 2001-2019, The GROMACS development team at
Uppsala University, Stockholm University and
the Royal Institute of Technology, Sweden.
check out http://www.gromacs.org for more information.

GROMACS is free software; you can redistribute it and/or modify it
under the terms of the GNU Lesser General Public License
as published by the Free Software Foundation; either version 2.1
of the License, or (at your option) any later version.

GROMACS:      gmx mdrun, version 2020.2-MODIFIED
Executable:   /Users/fiskbook4/PROGRAMS/BIN/gromacs-2020.2/bin/gmx
Data prefix:  /Users/fiskbook4/PROGRAMS/BIN/gromacs-2020.2
Working dir:  /Users/fiskbook4/SUPSI/project_Catalysis/1.Parametrization/7.2b_cis
Process ID:   63541
Command line:
  gmx mdrun -deffnm short -v

GROMACS version:    2020.2-MODIFIED
This program has been built from source code that has been altered and does not match the code released as part of the official GROMACS version 2020.2-MODIFIED. If you did not intend to use an altered GROMACS version, make sure to download an intact source distribution and compile that before proceeding.
If you have modified the source code, you are strongly encouraged to set your custom version suffix (using -DGMX_VERSION_STRING_OF_FORK) which will can help later with scientific reproducibility but also when reporting bugs.
Release checksum: 3f718d436b1ac2d44ce97164df8a13322fc143498ba44eccfd567e20d8aaea1d
Computed checksum: b1142ffb80d3fb7cda7044308fdb9b250d69d28d3b19aef7c398d889176954d7
Precision:          single
Memory model:       64 bit
MPI library:        thread_mpi
OpenMP support:     disabled
GPU support:        disabled
SIMD instructions:  SSE4.1
FFT library:        fftw-3.3.8-sse2-avx
RDTSCP usage:       disabled
TNG support:        enabled
Hwloc support:      hwloc-2.2.0
Tracing support:    disabled
C compiler:         /usr/local/bin/mpicc AppleClang 12.0.0.12000032
C compiler flags:   -msse4.1 -Wno-unknown-pragmas -fno-stack-check -fno-stack-check -O3 -DNDEBUG
C++ compiler:       /usr/local/bin/mpicxx AppleClang 12.0.0.12000032
C++ compiler flags: -msse4.1 -Wno-unknown-pragmas -fno-stack-check -fno-stack-check -O3 -DNDEBUG


Running on 1 node with total 8 cores, 16 logical cores
Hardware detected:
  CPU info:
    Vendor: Intel
    Brand:  Intel(R) Core(TM) i9-9880H CPU @ 2.30GHz
    Family: 6   Model: 158   Stepping: 13
    Features: aes apic avx avx2 clfsh cmov cx8 cx16 f16c fma htt intel lahf mmx msr nonstop_tsc pcid pclmuldq pdcm pdpe1gb popcnt pse rdrnd rdtscp sse2 sse3 sse4.1 sse4.2 ssse3 tdt x2apic
  Hardware topology: Full
    Sockets, cores, and logical processors:
      Socket  0: [   0   1] [   2   3] [   4   5] [   6   7] [   8   9] [  10  11] [  12  13] [  14  15]
    Numa nodes:
      Node  0 (34359738368 bytes mem):   0   1   2   3   4   5   6   7   8   9  10  11  12  13  14  15
      Latency:
               0
         0  1.00
    Caches:
      L1: 32768 bytes, linesize 64 bytes, assoc. 0, shared 2 ways
      L2: 262144 bytes, linesize 64 bytes, assoc. 4, shared 2 ways
      L3: 16777216 bytes, linesize 64 bytes, assoc. 0, shared 16 ways

Highest SIMD level requested by all nodes in run: AVX2_256
SIMD instructions selected at compile time:       SSE4.1
This program was compiled for different hardware than you are running on,
which could influence performance.
The current CPU can measure timings more accurately than the code in
gmx mdrun was configured to use. This might affect your simulation
speed as accurate timings are needed for load-balancing.
Please consider rebuilding gmx mdrun with the GMX_USE_RDTSCP=ON CMake option.

++++ PLEASE READ AND CITE THE FOLLOWING REFERENCE ++++
M. J. Abraham, T. Murtola, R. Schulz, S. Páll, J. C. Smith, B. Hess, E.
Lindahl
GROMACS: High performance molecular simulations through multi-level
parallelism from laptops to supercomputers
SoftwareX 1 (2015) pp. 19-25
-------- -------- --- Thank You --- -------- --------


++++ PLEASE READ AND CITE THE FOLLOWING REFERENCE ++++
S. Páll, M. J. Abraham, C. Kutzner, B. Hess, E. Lindahl
Tackling Exascale Software Challenges in Molecular Dynamics Simulations with
GROMACS
In S. Markidis & E. Laure (Eds.), Solving Software Challenges for Exascale 8759 (2015) pp. 3-27
-------- -------- --- Thank You --- -------- --------


++++ PLEASE READ AND CITE THE FOLLOWING REFERENCE ++++
S. Pronk, S. Páll, R. Schulz, P. Larsson, P. Bjelkmar, R. Apostolov, M. R.
Shirts, J. C. Smith, P. M. Kasson, D. van der Spoel, B. Hess, and E. Lindahl
GROMACS 4.5: a high-throughput and highly parallel open source molecular
simulation toolkit
Bioinformatics 29 (2013) pp. 845-54
-------- -------- --- Thank You --- -------- --------


++++ PLEASE READ AND CITE THE FOLLOWING REFERENCE ++++
B. Hess and C. Kutzner and D. van der Spoel and E. Lindahl
GROMACS 4: Algorithms for highly efficient, load-balanced, and scalable
molecular simulation
J. Chem. Theory Comput. 4 (2008) pp. 435-447
-------- -------- --- Thank You --- -------- --------


++++ PLEASE READ AND CITE THE FOLLOWING REFERENCE ++++
D. van der Spoel, E. Lindahl, B. Hess, G. Groenhof, A. E. Mark and H. J. C.
Berendsen
GROMACS: Fast, Flexible and Free
J. Comp. Chem. 26 (2005) pp. 1701-1719
-------- -------- --- Thank You --- -------- --------


++++ PLEASE READ AND CITE THE FOLLOWING REFERENCE ++++
E. Lindahl and B. Hess and D. van der Spoel
GROMACS 3.0: A package for molecular simulation and trajectory analysis
J. Mol. Mod. 7 (2001) pp. 306-317
-------- -------- --- Thank You --- -------- --------


++++ PLEASE READ AND CITE THE FOLLOWING REFERENCE ++++
H. J. C. Berendsen, D. van der Spoel and R. van Drunen
GROMACS: A message-passing parallel molecular dynamics implementation
Comp. Phys. Comm. 91 (1995) pp. 43-56
-------- -------- --- Thank You --- -------- --------


++++ PLEASE CITE THE DOI FOR THIS VERSION OF GROMACS ++++
https://doi.org/10.5281/zenodo.3773801
-------- -------- --- Thank You --- -------- --------

Input Parameters:
   integrator                     = md
   tinit                          = 0
   dt                             = 0.0002
   nsteps                         = 50000
   init-step                      = 0
   simulation-part                = 1
   comm-mode                      = Linear
   nstcomm                        = 100
   bd-fric                        = 0
   ld-seed                        = 45200853
   emtol                          = 10
   emstep                         = 0.01
   niter                          = 20
   fcstep                         = 0
   nstcgsteep                     = 1000
   nbfgscorr                      = 10
   rtpi                           = 0.05
   nstxout                        = 10000000
   nstvout                        = 10000000
   nstfout                        = 0
   nstlog                         = 50000
   nstcalcenergy                  = 10
   nstenergy                      = 2000
   nstxout-compressed             = 20000
   compressed-x-precision         = 1000
   cutoff-scheme                  = Verlet
   nstlist                        = 20
   pbc                            = xyz
   periodic-molecules             = false
   verlet-buffer-tolerance        = 0.005
   rlist                          = 1
   coulombtype                    = PME
   coulomb-modifier               = Potential-shift
   rcoulomb-switch                = 0
   rcoulomb                       = 1
   epsilon-r                      = 1
   epsilon-rf                     = inf
   vdw-type                       = Cut-off
   vdw-modifier                   = Potential-shift
   rvdw-switch                    = 0
   rvdw                           = 1
   DispCorr                       = No
   table-extension                = 1
   fourierspacing                 = 0.16
   fourier-nx                     = 24
   fourier-ny                     = 24
   fourier-nz                     = 24
   pme-order                      = 4
   ewald-rtol                     = 1e-05
   ewald-rtol-lj                  = 0.001
   lj-pme-comb-rule               = Geometric
   ewald-geometry                 = 0
   epsilon-surface                = 0
   tcoupl                         = V-rescale
   nsttcouple                     = 20
   nh-chain-length                = 0
   print-nose-hoover-chain-variables = false
   pcoupl                         = Berendsen
   pcoupltype                     = Isotropic
   nstpcouple                     = 20
   tau-p                          = 1
   compressibility (3x3):
      compressibility[    0]={ 4.50000e-05,  0.00000e+00,  0.00000e+00}
      compressibility[    1]={ 0.00000e+00,  4.50000e-05,  0.00000e+00}
      compressibility[    2]={ 0.00000e+00,  0.00000e+00,  4.50000e-05}
   ref-p (3x3):
      ref-p[    0]={ 1.00000e+00,  0.00000e+00,  0.00000e+00}
      ref-p[    1]={ 0.00000e+00,  1.00000e+00,  0.00000e+00}
      ref-p[    2]={ 0.00000e+00,  0.00000e+00,  1.00000e+00}
   refcoord-scaling               = All
   posres-com (3):
      posres-com[0]= 0.00000e+00
      posres-com[1]= 0.00000e+00
      posres-com[2]= 0.00000e+00
   posres-comB (3):
      posres-comB[0]= 0.00000e+00
      posres-comB[1]= 0.00000e+00
      posres-comB[2]= 0.00000e+00
   QMMM                           = false
   QMconstraints                  = 0
   QMMMscheme                     = 0
   MMChargeScaleFactor            = 1
qm-opts:
   ngQM                           = 0
   constraint-algorithm           = Lincs
   continuation                   = false
   Shake-SOR                      = false
   shake-tol                      = 0.0001
   lincs-order                    = 4
   lincs-iter                     = 2
   lincs-warnangle                = 80
   nwall                          = 0
   wall-type                      = 9-3
   wall-r-linpot                  = -1
   wall-atomtype[0]               = -1
   wall-atomtype[1]               = -1
   wall-density[0]                = 0
   wall-density[1]                = 0
   wall-ewald-zfac                = 3
   pull                           = false
   awh                            = false
   rotation                       = false
   interactiveMD                  = false
   disre                          = No
   disre-weighting                = Conservative
   disre-mixed                    = false
   dr-fc                          = 1000
   dr-tau                         = 0
   nstdisreout                    = 100
   orire-fc                       = 0
   orire-tau                      = 0
   nstorireout                    = 100
   free-energy                    = no
   cos-acceleration               = 0
   deform (3x3):
      deform[    0]={ 0.00000e+00,  0.00000e+00,  0.00000e+00}
      deform[    1]={ 0.00000e+00,  0.00000e+00,  0.00000e+00}
      deform[    2]={ 0.00000e+00,  0.00000e+00,  0.00000e+00}
   simulated-tempering            = false
   swapcoords                     = no
   userint1                       = 0
   userint2                       = 0
   userint3                       = 0
   userint4                       = 0
   userreal1                      = 0
   userreal2                      = 0
   userreal3                      = 0
   userreal4                      = 0
   applied-forces:
     electric-field:
       x:
         E0                       = 0
         omega                    = 0
         t0                       = 0
         sigma                    = 0
       y:
         E0                       = 0
         omega                    = 0
         t0                       = 0
         sigma                    = 0
       z:
         E0                       = 0
         omega                    = 0
         t0                       = 0
         sigma                    = 0
     density-guided-simulation:
       active                     = false
       group                      = protein
       similarity-measure         = inner-product
       atom-spreading-weight      = unity
       force-constant             = 1e+09
       gaussian-transform-spreading-width = 0.2
       gaussian-transform-spreading-range-in-multiples-of-width = 4
       reference-density-filename = reference.mrc
       nst                        = 1
       normalize-densities        = true
       adaptive-force-scaling     = false
       adaptive-force-scaling-time-constant = 4
grpopts:
   nrdf:        7337
   ref-t:         300
   tau-t:           1
annealing:          No
annealing-npoints:           0
   acc:	           0           0           0
   nfreeze:           N           N           N
   energygrp-flags[  0]: 0

Changing nstlist from 20 to 100, rlist from 1 to 1.001


Initializing Domain Decomposition on 16 ranks
Dynamic load balancing: auto
Minimum cell size due to atom displacement: 0.190 nm
Initial maximum distances in bonded interactions:
    two-body bonded interactions: 0.404 nm, LJ-14, atoms 1 4
  multi-body bonded interactions: 0.404 nm, Ryckaert-Bell., atoms 1 4
Minimum cell size due to bonded interactions: 0.444 nm
Maximum distance for 5 constraints, at 120 deg. angles, all-trans: 0.219 nm
Estimated maximum distance required for P-LINCS: 0.219 nm
Scaling the initial minimum size with 1/0.8 (option -dds) = 1.25
Using 0 separate PME ranks, as there are too few total
 ranks for efficient splitting
Optimizing the DD grid for 16 cells with a minimum initial size of 0.555 nm
The maximum allowed number of cells is: X 6 Y 6 Z 6
Domain decomposition grid 4 x 4 x 1, separate PME ranks 0
PME domain decomposition: 4 x 4 x 1
Domain decomposition rank 0, coordinates 0 0 0

The initial number of communication pulses is: X 2 Y 2
The initial domain decomposition cell size is: X 0.84 nm Y 0.84 nm

The maximum allowed distance for atoms involved in interactions is:
                 non-bonded interactions           1.001 nm
(the following are initial values, they could change due to box deformation)
            two-body bonded interactions  (-rdd)   1.001 nm
          multi-body bonded interactions  (-rdd)   0.836 nm
  atoms separated by up to 5 constraints  (-rcon)  0.836 nm

When dynamic load balancing gets turned on, these settings will change to:
The maximum number of communication pulses is: X 2 Y 2
The minimum size for domain decomposition cells is 0.640 nm
The requested allowed shrink of DD cells (option -dds) is: 0.80
The allowed shrink of domain decomposition cells is: X 0.77 Y 0.77
The maximum allowed distance for atoms involved in interactions is:
                 non-bonded interactions           1.001 nm
            two-body bonded interactions  (-rdd)   1.001 nm
          multi-body bonded interactions  (-rdd)   0.640 nm
  atoms separated by up to 5 constraints  (-rcon)  0.640 nm

Using 16 MPI threads
System total charge: 0.000
Will do PME sum in reciprocal space for electrostatic interactions.

++++ PLEASE READ AND CITE THE FOLLOWING REFERENCE ++++
U. Essmann, L. Perera, M. L. Berkowitz, T. Darden, H. Lee and L. G. Pedersen 
A smooth particle mesh Ewald method
J. Chem. Phys. 103 (1995) pp. 8577-8592
-------- -------- --- Thank You --- -------- --------

Using a Gaussian width (1/beta) of 0.320163 nm for Ewald
Potential shift: LJ r^-12: -1.000e+00 r^-6: -1.000e+00, Ewald -1.000e-05
Initialized non-bonded Ewald tables, spacing: 9.33e-04 size: 1073

Generated table with 1000 data points for 1-4 COUL.
Tabscale = 500 points/nm
Generated table with 1000 data points for 1-4 LJ6.
Tabscale = 500 points/nm
Generated table with 1000 data points for 1-4 LJ12.
Tabscale = 500 points/nm

Using SIMD 4x4 nonbonded short-range kernels

Using a 4x4 pair-list setup:
  updated every 100 steps, buffer 0.001 nm, rlist 1.001 nm
At tolerance 0.005 kJ/mol/ps per atom, equivalent classical 1x1 list would be:
  updated every 100 steps, buffer 0.042 nm, rlist 1.042 nm

Using Lorentz-Berthelot Lennard-Jones combination rule

Removing pbc first time

Initializing Parallel LINear Constraint Solver

++++ PLEASE READ AND CITE THE FOLLOWING REFERENCE ++++
B. Hess
P-LINCS: A Parallel Linear Constraint Solver for molecular simulation
J. Chem. Theory Comput. 4 (2008) pp. 116-122
-------- -------- --- Thank You --- -------- --------

The number of constraints is 13
There are constraints between atoms in different decomposition domains,
will communicate selected coordinates each lincs iteration

++++ PLEASE READ AND CITE THE FOLLOWING REFERENCE ++++
S. Miyamoto and P. A. Kollman
SETTLE: An Analytical Version of the SHAKE and RATTLE Algorithms for Rigid
Water Models
J. Comp. Chem. 13 (1992) pp. 952-962
-------- -------- --- Thank You --- -------- --------


Linking all bonded interactions to atoms


Intra-simulation communication will occur every 10 steps.

++++ PLEASE READ AND CITE THE FOLLOWING REFERENCE ++++
G. Bussi, D. Donadio and M. Parrinello
Canonical sampling through velocity rescaling
J. Chem. Phys. 126 (2007) pp. 014101
-------- -------- --- Thank You --- -------- --------

There are: 3661 Atoms
Atom distribution over 16 domains: av 228 stddev 22 min 208 max 244

Constraining the starting coordinates (step 0)

Constraining the coordinates at t0-dt (step 0)
Center of mass motion removal mode is Linear
We have the following groups for center of mass motion removal:
  0:  rest
RMS relative constraint deviation after constraining: 0.00e+00
Initial temperature: 300.241 K

Started mdrun on rank 0 Wed Oct 28 12:51:25 2020

           Step           Time
              0        0.00000

   Energies (kJ/mol)
           Bond          Angle    Proper Dih. Ryckaert-Bell.          LJ-14
    2.61836e+00    2.02797e+01    1.68161e-01    4.49644e+01    2.31822e+01
     Coulomb-14        LJ (SR)   Coulomb (SR)   Coul. recip.      Potential
    4.01249e+01    1.06655e+04   -7.05925e+04    1.57928e+02   -5.96377e+04
    Kinetic En.   Total Energy  Conserved En.    Temperature Pressure (bar)
    9.15786e+03   -5.04798e+04   -5.04748e+04    3.00242e+02   -2.43424e+03
   Constr. rmsd
    5.37269e-07


DD  step 99 load imb.: force  8.6%

step 200 Turning on dynamic load balancing, because the performance loss due to load imbalance is 4.7 %.
step 16000 Turning off dynamic load balancing, because it is degrading performance.
Atom distribution over 16 domains: av 228 stddev 21 min 215 max 239
step 30000 Turning on dynamic load balancing, because the performance loss due to load imbalance is 3.6 %.
step 36000 Turning off dynamic load balancing, because it is degrading performance.
Atom distribution over 16 domains: av 228 stddev 21 min 215 max 246
step 40000 Will no longer try dynamic load balancing, as it degraded performance.

DD  step 49999 load imb.: force  6.4%
           Step           Time
          50000       10.00000

Writing checkpoint, step 50000 at Wed Oct 28 12:52:06 2020


   Energies (kJ/mol)
           Bond          Angle    Proper Dih. Ryckaert-Bell.          LJ-14
    2.53910e+01    4.19620e+01    4.54824e+00    8.78301e+01    2.25057e+01
     Coulomb-14        LJ (SR)   Coulomb (SR)   Coul. recip.      Potential
    4.01361e+01    7.76724e+03   -5.68879e+04    2.86038e+02   -4.86123e+04
    Kinetic En.   Total Energy  Conserved En.    Temperature Pressure (bar)
    8.90523e+03   -3.97071e+04   -5.05139e+04    2.91959e+02    9.97088e+00
   Constr. rmsd
    3.92743e-07


	<======  ###############  ==>
	<====  A V E R A G E S  ====>
	<==  ###############  ======>

	Statistics over 50001 steps using 5001 frames

   Energies (kJ/mol)
           Bond          Angle    Proper Dih. Ryckaert-Bell.          LJ-14
    2.31356e+01    5.56503e+01    2.50174e+00    6.24344e+01    2.45480e+01
     Coulomb-14        LJ (SR)   Coulomb (SR)   Coul. recip.      Potential
    3.80623e+01    8.47944e+03   -5.93105e+04    2.66978e+02   -5.03577e+04
    Kinetic En.   Total Energy  Conserved En.    Temperature Pressure (bar)
    7.98689e+03   -4.23708e+04   -5.04961e+04    2.61851e+02   -1.25056e+00
   Constr. rmsd
    0.00000e+00

          Box-X          Box-Y          Box-Z
    3.32828e+00    3.32828e+00    3.32828e+00

   Total Virial (kJ/mol)
    2.63681e+03    4.85748e+01    3.59660e+01
    5.83714e+01    2.71942e+03    2.84025e+01
    2.98962e+01    1.66222e+01    2.63504e+03

   Pressure (bar)
    2.78702e+01   -4.95828e+01   -1.91887e+01
   -5.83838e+01   -5.42495e+01   -2.36493e+01
   -1.36941e+01   -1.30206e+01    2.26276e+01


	M E G A - F L O P S   A C C O U N T I N G

 NB=Group-cutoff nonbonded kernels    NxN=N-by-N cluster Verlet kernels
 RF=Reaction-Field  VdW=Van der Waals  QSTab=quadratic-spline table
 W3=SPC/TIP3p  W4=TIP4p (single or pairs)
 V&F=Potential and force  V=Potential only  F=Force only

 Computing:                               M-Number         M-Flops  % Flops
-----------------------------------------------------------------------------
 Pair Search distance check             497.998980        4481.991     0.1
 NxN QSTab Elec. + LJ [F]             33743.059920     1383465.457    43.7
 NxN QSTab Elec. + LJ [V&F]            3749.969992      221248.230     7.0
 NxN QSTab Elec. [F]                  32569.498800     1107362.959    35.0
 NxN QSTab Elec. [V&F]                 3619.550456      148401.569     4.7
 1,4 nonbonded interactions               2.700054         243.005     0.0
 Calc Weights                           549.160983       19769.795     0.6
 Spread Q Bspline                     11715.434304       23430.869     0.7
 Gather F Bspline                     11715.434304       70292.606     2.2
 3D-FFT                               19015.080294      152120.642     4.8
 Solve PME                              115.202304        7372.947     0.2
 Reset In Box                             1.826839           5.481     0.0
 CG-CoM                                   1.837822           5.513     0.0
 Bonds                                    0.950019          56.051     0.0
 Angles                                   2.550051         428.409     0.0
 Propers                                  0.600012         137.403     0.0
 RB-Dihedrals                             3.100062         765.715     0.0
 Virial                                  21.909381         394.369     0.0
 Stop-CM                                  1.837822          18.378     0.0
 P-Coupling                               9.156161          54.937     0.0
 Calc-Ekin                               36.617322         988.668     0.0
 Lincs                                    0.799142          47.949     0.0
 Lincs-Mat                                4.874616          19.498     0.0
 Constraint-V                           220.071438        1760.572     0.1
 Constraint-Vir                          21.930766         526.338     0.0
 Settle                                  72.825824       23522.741     0.7
-----------------------------------------------------------------------------
 Total                                                 3166922.091   100.0
-----------------------------------------------------------------------------


    D O M A I N   D E C O M P O S I T I O N   S T A T I S T I C S

 av. #atoms communicated per step for force:  2 x 12992.4
 av. #atoms communicated per step for LINCS:  3 x 765.3


Dynamic load balancing report:
 DLB got disabled because it was unsuitable to use.
 Average load imbalance: 6.3%.
 The balanceable part of the MD step is 58%, load imbalance is computed from this.
 Part of the total run time spent waiting due to load imbalance: 3.6%.


     R E A L   C Y C L E   A N D   T I M E   A C C O U N T I N G

On 16 MPI ranks

 Computing:          Num   Num      Call    Wall time         Giga-Cycles
                     Ranks Threads  Count      (s)         total sum    %
-----------------------------------------------------------------------------
 Domain decomp.        16    1        501       0.288         10.632   0.7
 DD comm. load         16    1        500       0.002          0.062   0.0
 DD comm. bounds       16    1        218       0.018          0.667   0.0
 Neighbor search       16    1        501       0.230          8.494   0.6
 Comm. coord.          16    1      49500       1.266         46.668   3.1
 Force                 16    1      50001      21.750        801.789  53.4
 Wait + Comm. F        16    1      50001       1.212         44.671   3.0
 PME mesh              16    1      50001      14.343        528.715  35.2
 NB X/F buffer ops.    16    1     149001       0.322         11.885   0.8
 Write traj.           16    1          4       0.001          0.050   0.0
 Update                16    1      50001       0.067          2.472   0.2
 Constraints           16    1      50003       0.952         35.087   2.3
 Comm. energies        16    1       5001       0.107          3.949   0.3
 Rest                                           0.169          6.231   0.4
-----------------------------------------------------------------------------
 Total                                         40.728       1501.372 100.0
-----------------------------------------------------------------------------
 Breakdown of PME mesh computation
-----------------------------------------------------------------------------
 PME redist. X/F       16    1     100002       7.190        265.064  17.7
 PME spread            16    1      50001       2.003         73.829   4.9
 PME gather            16    1      50001       1.661         61.236   4.1
 PME 3D-FFT            16    1     100002       1.229         45.289   3.0
 PME 3D-FFT Comm.      16    1     200004       2.041         75.235   5.0
 PME solve Elec        16    1      50001       0.198          7.299   0.5
-----------------------------------------------------------------------------

               Core t (s)   Wall t (s)        (%)
       Time:      651.646       40.728     1600.0
                 (ns/day)    (hour/ns)
Performance:       21.214        1.131
Finished mdrun on rank 0 Wed Oct 28 12:52:06 2020

