

*******************************************************************************
Fri Mar  5 13:05:22 2021


FIT:    data read from 'aux.dat' u ($1):2
        format = x:z
        #datapoints = 31
        residuals are weighted equally (unit weight)

function used for fitting: f0(x)
	f0(x) = 1 - exp(-x/tau0)
fitted parameters initialized with current variable values

iter      chisq       delta/lim  lambda   tau0         
   0 7.4617095592e-01   0.00e+00  1.66e-01    1.000000e-11
   7 5.5964705191e-01  -5.58e-01  1.66e-08    5.394849e-12

After 7 iterations the fit converged.
final sum of squares of residuals : 0.559647
rel. change during last iteration : -5.58268e-06

degrees of freedom    (FIT_NDF)                        : 30
rms of residuals      (FIT_STDFIT) = sqrt(WSSR/ndf)    : 0.136583
variance of residuals (reduced chisquare) = WSSR/ndf   : 0.0186549

Final set of parameters            Asymptotic Standard Error
=======================            ==========================
tau0            = 5.39485e-12      +/- 7.223e-13    (13.39%)
