 20  145  118  1  87.199  190.79 
 20  145  146  1  178.61  232.63 
 118  145  147  1  178.61  232.63 
 20  145  147  1  94.157  204.76 
 118  145  146  1  94.157  204.76 
 146  145  147  1  84.489  220.64 
 145  20  19  1  120.45  255.49 
 145  20  21  1  120.45  255.49 
 145  118  117  1  120.45  255.49 
 145  118  119  1  120.45  255.49 
 145  146  147  1  113.52  367.39 
 145  147  151  1  113.52  367.39 
; 145  146  147  1  109.4  259.84 
 145  147  150  1  109.4  259.84 
; 145  146  148  1  105.18  230.45 
 145  147  146  1  105.18  230.45 
 10  170  66  1  87.199  190.79 
 10  170  171  1  178.61  232.63 
 66  170  184  1  178.61  232.63 
 10  170  184  1  94.157  204.76 
 66  170  171  1  94.157  204.76 
 171  170  184  1  84.489  220.64 
 170  10  9  1  120.45  255.49 
 170  10  11  1  120.45  255.49 
 170  66  65  1  120.45  255.49 
 170  66  67  1  120.45  255.49 
 170  171  172  1  113.52  367.39 
 170  184  188  1  113.52  367.39 
 170  171  173  1  109.4  259.84 
 170  184  187  1  109.4  259.84 
 170  171  174  1  105.18  230.45 
 170  184  183  1  105.18  230.45 
 30  195  102  1  87.199  190.79 
 30  195  196  1  178.61  232.63 
 102  195  209  1  178.61  232.63 
 30  195  209  1  94.157  204.76 
 102  195  196  1  94.157  204.76 
 196  195  209  1  84.489  220.64 
 195  30  29  1  120.45  255.49 
 195  30  31  1  120.45  255.49 
 195  102  101  1  120.45  255.49 
 195  102  103  1  120.45  255.49 
 195  196  197  1  113.52  367.39 
 195  209  213  1  113.52  367.39 
 195  196  198  1  109.4  259.84 
 195  209  212  1  109.4  259.84 
 195  196  199  1  105.18  230.45 
 195  209  208  1  105.18  230.45 
 46  220  92  1  87.199  190.79 
 46  220  221  1  178.61  232.63 
 92  220  234  1  178.61  232.63 
 46  220  234  1  94.157  204.76 
 92  220  221  1  94.157  204.76 
 221  220  234  1  84.489  220.64 
 220  46  45  1  120.45  255.49 
 220  46  47  1  120.45  255.49 
 220  92  91  1  120.45  255.49 
 220  92  93  1  120.45  255.49 
 220  221  222  1  113.52  367.39 
 220  234  238  1  113.52  367.39 
 220  221  223  1  109.4  259.84 
 220  234  237  1  109.4  259.84 
 220  221  224  1  105.18  230.45 
 220  234  233  1  105.18  230.45 
 82  245  138  1  87.199  190.79 
 82  245  246  1  178.61  232.63 
 138  245  259  1  178.61  232.63 
 82  245  259  1  94.157  204.76 
 138  245  246  1  94.157  204.76 
 246  245  259  1  84.489  220.64 
 245  82  81  1  120.45  255.49 
 245  82  83  1  120.45  255.49 
 245  138  137  1  120.45  255.49 
 245  138  139  1  120.45  255.49 
 245  246  247  1  113.52  367.39 
 245  259  263  1  113.52  367.39 
 245  246  248  1  109.4  259.84 
 245  259  262  1  109.4  259.84 
 245  246  249  1  105.18  230.45 
 245  259  258  1  105.18  230.45 
 56  270  128  1  87.199  190.79 
 56  270  271  1  178.61  232.63 
 128  270  284  1  178.61  232.63 
 56  270  284  1  94.157  204.76 
 128  270  271  1  94.157  204.76 
 271  270  284  1  84.489  220.64 
 270  56  55  1  120.45  255.49 
 270  56  57  1  120.45  255.49 
 270  128  127  1  120.45  255.49 
 270  128  129  1  120.45  255.49 
 270  271  272  1  113.52  367.39 
 270  284  288  1  113.52  367.39 
 270  271  273  1  109.4  259.84 
 270  284  287  1  109.4  259.84 
 270  271  274  1  105.18  230.45 
 270  284  283  1  105.18  230.45 


