   0.8729731      1  cp  1  MON  C1  1  0.731836  12.01000 
  -0.7905602      2  nb  1  MON  N1  2  -0.712334  14.01000 
   0.8729733      3  cp  1  MON  C2  3  0.731836  12.01000 
  -0.7905604      4  nb  1  MON  N2  4  -0.712334  14.01000 
   0.8729735      5  cp  1  MON  C3  5  0.731836  12.01000 
  -0.7905606      6  nb  1  MON  N3  6  -0.712334  14.01000 
  -0.0651917      7  cp  1  MON  C4  7  -0.116167  12.01000 
  -0.0787838      8  ca  1  MON  C5  8  -0.200300  12.01000 
  -0.0680199      9  ca  1  MON  C6  9  0.384533  12.01000 
   0.03654010     10  nb  1  MON  N4  10  -0.646668  14.01000 
  -0.06801911     11  ca  1  MON  C7  11  0.384533  12.01000 
  -0.07878312     12  ca  1  MON  C8  12  -0.200300  12.01000 
   0.15734913     13  ha  1  MON  H1  13  0.159333  1.00800 
   0.15290514     14  h4  1  MON  H2  14  0.028100  1.00800 
   0.15290515     15  h4  1  MON  H3  15  0.028100  1.00800 
   0.15734916     16  ha  1  MON  H4  16  0.159333  1.00800 
  -0.06519117     17  cp  1  MON  C9  17  -0.116167  12.01000 
  -0.07878318     18  ca  1  MON  C10  18  -0.200300  12.01000 
  -0.06801919     19  ca  1  MON  C11  19  0.384533  12.01000 
   0.03654020     20  nb  1  MON  N5  20  -0.646668  14.01000 
  -0.06801921     21  ca  1  MON  C12  21  0.384533  12.01000 
  -0.07878322     22  ca  1  MON  C13  22  -0.200300  12.01000 
   0.15734923     23  ha  1  MON  H5  23  0.159333  1.00800 
   0.15290524     24  h4  1  MON  H6  24  0.028100  1.00800 
   0.15290525     25  h4  1  MON  H7  25  0.028100  1.00800 
   0.15734926     26  ha  1  MON  H8  26  0.159333  1.00800 
  -0.06519127     27  cp  1  MON  C14  27  -0.116167  12.01000 
  -0.07878328     28  ca  1  MON  C15  28  -0.200300  12.01000 
  -0.06801929     29  ca  1  MON  C16  29  0.384533  12.01000 
   0.03654030     30  nb  1  MON  N6  30  -0.646668  14.01000 
  -0.06801931     31  ca  1  MON  C17  31  0.384533  12.01000 
  -0.07878332     32  ca  1  MON  C18  32  -0.200300  12.01000 
   0.15734933     33  ha  1  MON  H9  33  0.159333  1.00800 
   0.15290534     34  h4  1  MON  H10  34  0.028100  1.00800 
   0.15290535     35  h4  1  MON  H11  35  0.028100  1.00800 
   0.15734936     36  ha  1  MON  H12  36  0.159333  1.00800 
   0.87297337     37  cp  2  MON  C1  37  0.731836  12.01000 
  -0.79056038     38  nb  2  MON  N1  38  -0.712334  14.01000 
   0.87297339     39  cp  2  MON  C2  39  0.731836  12.01000 
  -0.79056040     40  nb  2  MON  N2  40  -0.712334  14.01000 
   0.87297341     41  cp  2  MON  C3  41  0.731836  12.01000 
  -0.79056042     42  nb  2  MON  N3  42  -0.712334  14.01000 
  -0.06519143     43  cp  2  MON  C4  43  -0.116167  12.01000 
  -0.07878344     44  ca  2  MON  C5  44  -0.200300  12.01000 
  -0.06801945     45  ca  2  MON  C6  45  0.384533  12.01000 
   0.03654046     46  nb  2  MON  N4  46  -0.646668  14.01000 
  -0.06801947     47  ca  2  MON  C7  47  0.384533  12.01000 
  -0.07878348     48  ca  2  MON  C8  48  -0.200300  12.01000 
   0.15734949     49  ha  2  MON  H1  49  0.159333  1.00800 
   0.15290550     50  h4  2  MON  H2  50  0.028100  1.00800 
   0.15290551     51  h4  2  MON  H3  51  0.028100  1.00800 
   0.15734952     52  ha  2  MON  H4  52  0.159333  1.00800 
  -0.06519153     53  cp  2  MON  C9  53  -0.116167  12.01000 
  -0.07878354     54  ca  2  MON  C10  54  -0.200300  12.01000 
  -0.06801955     55  ca  2  MON  C11  55  0.384533  12.01000 
   0.03654056     56  nb  2  MON  N5  56  -0.646668  14.01000 
  -0.06801957     57  ca  2  MON  C12  57  0.384533  12.01000 
  -0.07878358     58  ca  2  MON  C13  58  -0.200300  12.01000 
   0.15734959     59  ha  2  MON  H5  59  0.159333  1.00800 
   0.15290560     60  h4  2  MON  H6  60  0.028100  1.00800 
   0.15290561     61  h4  2  MON  H7  61  0.028100  1.00800 
   0.15734962     62  ha  2  MON  H8  62  0.159333  1.00800 
  -0.06519163     63  cp  2  MON  C14  63  -0.116167  12.01000 
  -0.07878364     64  ca  2  MON  C15  64  -0.200300  12.01000 
  -0.06801965     65  ca  2  MON  C16  65  0.384533  12.01000 
   0.03654066     66  nb  2  MON  N6  66  -0.646668  14.01000 
  -0.06801967     67  ca  2  MON  C17  67  0.384533  12.01000 
  -0.07878368     68  ca  2  MON  C18  68  -0.200300  12.01000 
   0.15734969     69  ha  2  MON  H9  69  0.159333  1.00800 
   0.15290570     70  h4  2  MON  H10  70  0.028100  1.00800 
   0.15290571     71  h4  2  MON  H11  71  0.028100  1.00800 
   0.15734972     72  ha  2  MON  H12  72  0.159333  1.00800 
   0.87297373     73  cp  3  MON  C1  73  0.731836  12.01000 
  -0.79056074     74  nb  3  MON  N1  74  -0.712334  14.01000 
   0.87297375     75  cp  3  MON  C2  75  0.731836  12.01000 
  -0.79056076     76  nb  3  MON  N2  76  -0.712334  14.01000 
   0.87297377     77  cp  3  MON  C3  77  0.731836  12.01000 
  -0.79056078     78  nb  3  MON  N3  78  -0.712334  14.01000 
  -0.06519179     79  cp  3  MON  C4  79  -0.116167  12.01000 
  -0.07878380     80  ca  3  MON  C5  80  -0.200300  12.01000 
  -0.06801981     81  ca  3  MON  C6  81  0.384533  12.01000 
   0.03654082     82  nb  3  MON  N4  82  -0.646668  14.01000 
  -0.06801983     83  ca  3  MON  C7  83  0.384533  12.01000 
  -0.07878384     84  ca  3  MON  C8  84  -0.200300  12.01000 
   0.15734985     85  ha  3  MON  H1  85  0.159333  1.00800 
   0.15290586     86  h4  3  MON  H2  86  0.028100  1.00800 
   0.15290587     87  h4  3  MON  H3  87  0.028100  1.00800 
   0.15734988     88  ha  3  MON  H4  88  0.159333  1.00800 
  -0.06519189     89  cp  3  MON  C9  89  -0.116167  12.01000 
  -0.07878390     90  ca  3  MON  C10  90  -0.200300  12.01000 
  -0.06801991     91  ca  3  MON  C11  91  0.384533  12.01000 
   0.03654092     92  nb  3  MON  N5  92  -0.646668  14.01000 
  -0.06801993     93  ca  3  MON  C12  93  0.384533  12.01000 
  -0.07878394     94  ca  3  MON  C13  94  -0.200300  12.01000 
   0.15734995     95  ha  3  MON  H5  95  0.159333  1.00800 
   0.15290596     96  h4  3  MON  H6  96  0.028100  1.00800 
   0.15290597     97  h4  3  MON  H7  97  0.028100  1.00800 
   0.15734998     98  ha  3  MON  H8  98  0.159333  1.00800 
  -0.06519199     99  cp  3  MON  C14  99  -0.116167  12.01000 
  -0.078783100    100  ca  3  MON  C15  100  -0.200300  12.01000
  -0.068019101    101  ca  3  MON  C16  101  0.384533  12.01000 
   0.036540102    102  nb  3  MON  N6  102  -0.646668  14.01000 
  -0.068019103    103  ca  3  MON  C17  103  0.384533  12.01000 
  -0.078783104    104  ca  3  MON  C18  104  -0.200300  12.01000
   0.157349105    105  ha  3  MON  H9  105  0.159333  1.00800 
   0.152905106    106  h4  3  MON  H10  106  0.028100  1.00800 
   0.152905107    107  h4  3  MON  H11  107  0.028100  1.00800 
   0.157349108    108  ha  3  MON  H12  108  0.159333  1.00800 
   0.872973109    109  cp  4  MON  C1  109  0.731836  12.01000 
  -0.790560110    110  nb  4  MON  N1  110  -0.712334  14.01000 
   0.872973111    111  cp  4  MON  C2  111  0.731836  12.01000 
  -0.790560112    112  nb  4  MON  N2  112  -0.712334  14.01000 
   0.872973113    113  cp  4  MON  C3  113  0.731836  12.01000 
  -0.790560114    114  nb  4  MON  N3  114  -0.712334  14.01000 
  -0.065191115    115  cp  4  MON  C4  115  -0.116167  12.01000 
  -0.078783116    116  ca  4  MON  C5  116  -0.200300  12.01000 
  -0.068019117    117  ca  4  MON  C6  117  0.384533  12.01000 
   0.036540118    118  nb  4  MON  N4  118  -0.646668  14.01000 
  -0.068019119    119  ca  4  MON  C7  119  0.384533  12.01000 
  -0.078783120    120  ca  4  MON  C8  120  -0.200300  12.01000 
   0.157349121    121  ha  4  MON  H1  121  0.159333  1.00800 
   0.152905122    122  h4  4  MON  H2  122  0.028100  1.00800 
   0.152905123    123  h4  4  MON  H3  123  0.028100  1.00800 
   0.157349124    124  ha  4  MON  H4  124  0.159333  1.00800 
  -0.065191125    125  cp  4  MON  C9  125  -0.116167  12.01000 
  -0.078783126    126  ca  4  MON  C10  126  -0.200300  12.01000
  -0.068019127    127  ca  4  MON  C11  127  0.384533  12.01000 
   0.036540128    128  nb  4  MON  N5  128  -0.646668  14.01000 
  -0.068019129    129  ca  4  MON  C12  129  0.384533  12.01000 
  -0.078783130    130  ca  4  MON  C13  130  -0.200300  12.01000
   0.157349131    131  ha  4  MON  H5  131  0.159333  1.00800 
   0.152905132    132  h4  4  MON  H6  132  0.028100  1.00800 
   0.152905133    133  h4  4  MON  H7  133  0.028100  1.00800 
   0.157349134    134  ha  4  MON  H8  134  0.159333  1.00800 
  -0.065191135    135  cp  4  MON  C14  135  -0.116167  12.01000
  -0.078783136    136  ca  4  MON  C15  136  -0.200300  12.01000
  -0.068019137    137  ca  4  MON  C16  137  0.384533  12.01000 
   0.036540138    138  nb  4  MON  N6  138  -0.646668  14.01000 
  -0.068019139    139  ca  4  MON  C17  139  0.384533  12.01000 
  -0.078783140    140  ca  4  MON  C18  140  -0.200300  12.01000
   0.157349141    141  ha  4  MON  H9  141  0.159333  1.00800 
   0.152905142    142  h4  4  MON  H10  142  0.028100  1.00800 
   0.152905143    143  h4  4  MON  H11  143  0.028100  1.00800 
   0.157349144    144  ha  4  MON  H12  144  0.159333  1.00800 
  -0.089371145    145  Pd  5  PD2  Pd1  145  0.000000  106.42000
   0.260032146    146  n3  5  PD2  N  146  -0.726603  14.01000 
   0.260032147    147  c3  5  PD2  C  147  0.155600  12.01000 
  -0.519978148    148  c3  5  PD2  C1  148  0.155600  12.01000 
  -0.519978149    149  c3  5  PD2  C2  149  0.173800  12.01000 
  -0.230643150    150  h1  5  PD2  H  150  0.030867  1.00800 
  -0.230643151    151  h1  5  PD2  H1  151  0.030867  1.00800 
  -0.519978152    152  h1  5  PD2  H2  152  0.030867  1.00800 
  -0.519978153    153  h1  5  PD2  H3  153  0.030867  1.00800 
   0.213993154    154  h1  5  PD2  H4  154  0.030867  1.00800 
   0.213993155    155  h1  5  PD2  H5  155  0.030867  1.00800 
   0.213993156    156  h1  5  PD2  H6  156  0.028200  1.00800 
   0.213993157    157  h1  5  PD2  H7  157  0.028200  1.00800 
   0.213993158    158  c3  5  PD2  C3  158  0.173800  12.01000 
   0.213993159    159  n3  5  PD2  N1  159  -0.726603  14.01000 
   0.195315160    160  h1  5  PD2  H8  160  0.028200  1.00800 
   0.195315161    161  h1  5  PD2  H9  161  0.028200  1.00800 
   0.195315162    162  c3  5  PD2  C4  162  0.155600  12.01000 
   0.195315163    163  c3  5  PD2  C5  163  0.155600  12.01000 
   0.213993164    164  h1  5  PD2  H10  164  0.030867  1.00800 
   0.213993165    165  h1  5  PD2  H11  165  0.030867  1.00800 
   0.213993166    166  h1  5  PD2  H12  166  0.030867  1.00800 
   0.213993167    167  h1  5  PD2  H13  167  0.030867  1.00800 
   0.213993168    168  h1  5  PD2  H14  168  0.030867  1.00800 
   0.213993169    169  h1  5  PD2  H15  169  0.030867  1.00800 
  -0.089371170    170  Pd  6  PD2  Pd2  170  0.000000  106.42000
   0.260032171    171  n3  6  PD2  N  171  -0.726603  14.01000 
  -0.519978172    172  c3  6  PD2  C  172  0.155600  12.01000 
  -0.519978173    173  c3  6  PD2  C1  173  0.155600  12.01000 
  -0.230643174    174  c3  6  PD2  C2  174  0.173800  12.01000 
   0.213993175    175  h1  6  PD2  H  175  0.030867  1.00800 
   0.213993176    176  h1  6  PD2  H1  176  0.030867  1.00800 
   0.213993177    177  h1  6  PD2  H2  177  0.030867  1.00800 
   0.213993178    178  h1  6  PD2  H3  178  0.030867  1.00800 
   0.213993179    179  h1  6  PD2  H4  179  0.030867  1.00800 
   0.213993180    180  h1  6  PD2  H5  180  0.030867  1.00800 
   0.195315181    181  h1  6  PD2  H6  181  0.028200  1.00800 
   0.195315182    182  h1  6  PD2  H7  182  0.028200  1.00800 
  -0.230643183    183  c3  6  PD2  C3  183  0.173800  12.01000 
   0.260032184    184  n3  6  PD2  N1  184  -0.726603  14.01000 
   0.195315185    185  h1  6  PD2  H8  185  0.028200  1.00800 
   0.195315186    186  h1  6  PD2  H9  186  0.028200  1.00800 
  -0.519978187    187  c3  6  PD2  C4  187  0.155600  12.01000 
  -0.519978188    188  c3  6  PD2  C5  188  0.155600  12.01000 
   0.213993189    189  h1  6  PD2  H10  189  0.030867  1.00800 
   0.213993190    190  h1  6  PD2  H11  190  0.030867  1.00800 
   0.213993191    191  h1  6  PD2  H12  191  0.030867  1.00800 
   0.213993192    192  h1  6  PD2  H13  192  0.030867  1.00800 
   0.213993193    193  h1  6  PD2  H14  193  0.030867  1.00800 
   0.213993194    194  h1  6  PD2  H15  194  0.030867  1.00800 
  -0.089371195    195  Pd  7  PD2  Pd3  195  0.000000  106.42000
   0.260032196    196  n3  7  PD2  N  196  -0.726603  14.01000 
  -0.519978197    197  c3  7  PD2  C  197  0.155600  12.01000 
  -0.519978198    198  c3  7  PD2  C1  198  0.155600  12.01000 
  -0.230643199    199  c3  7  PD2  C2  199  0.173800  12.01000 
   0.213993200    200  h1  7  PD2  H  200  0.030867  1.00800 
   0.213993201    201  h1  7  PD2  H1  201  0.030867  1.00800 
   0.213993202    202  h1  7  PD2  H2  202  0.030867  1.00800 
   0.213993203    203  h1  7  PD2  H3  203  0.030867  1.00800 
   0.213993204    204  h1  7  PD2  H4  204  0.030867  1.00800 
   0.213993205    205  h1  7  PD2  H5  205  0.030867  1.00800 
   0.195315206    206  h1  7  PD2  H6  206  0.028200  1.00800 
   0.195315207    207  h1  7  PD2  H7  207  0.028200  1.00800 
  -0.230643208    208  c3  7  PD2  C3  208  0.173800  12.01000 
   0.260032209    209  n3  7  PD2  N1  209  -0.726603  14.01000 
   0.195315210    210  h1  7  PD2  H8  210  0.028200  1.00800 
   0.195315211    211  h1  7  PD2  H9  211  0.028200  1.00800 
  -0.519978212    212  c3  7  PD2  C4  212  0.155600  12.01000 
  -0.519978213    213  c3  7  PD2  C5  213  0.155600  12.01000 
   0.213993214    214  h1  7  PD2  H10  214  0.030867  1.00800 
   0.213993215    215  h1  7  PD2  H11  215  0.030867  1.00800 
   0.213993216    216  h1  7  PD2  H12  216  0.030867  1.00800 
   0.213993217    217  h1  7  PD2  H13  217  0.030867  1.00800 
   0.213993218    218  h1  7  PD2  H14  218  0.030867  1.00800 
   0.213993219    219  h1  7  PD2  H15  219  0.030867  1.00800 
  -0.089371220    220  Pd  8  PD2  Pd4  220  0.000000  106.42000
   0.260032221    221  n3  8  PD2  N  221  -0.726603  14.01000 
  -0.519978222    222  c3  8  PD2  C  222  0.155600  12.01000 
  -0.519978223    223  c3  8  PD2  C1  223  0.155600  12.01000 
  -0.230643224    224  c3  8  PD2  C2  224  0.173800  12.01000 
   0.213993225    225  h1  8  PD2  H  225  0.030867  1.00800 
   0.213993226    226  h1  8  PD2  H1  226  0.030867  1.00800 
   0.213993227    227  h1  8  PD2  H2  227  0.030867  1.00800 
   0.213993228    228  h1  8  PD2  H3  228  0.030867  1.00800 
   0.213993229    229  h1  8  PD2  H4  229  0.030867  1.00800 
   0.213993230    230  h1  8  PD2  H5  230  0.030867  1.00800 
   0.195315231    231  h1  8  PD2  H6  231  0.028200  1.00800 
   0.195315232    232  h1  8  PD2  H7  232  0.028200  1.00800 
  -0.230643233    233  c3  8  PD2  C3  233  0.173800  12.01000 
   0.260032234    234  n3  8  PD2  N1  234  -0.726603  14.01000 
   0.195315235    235  h1  8  PD2  H8  235  0.028200  1.00800 
   0.195315236    236  h1  8  PD2  H9  236  0.028200  1.00800 
  -0.519978237    237  c3  8  PD2  C4  237  0.155600  12.01000 
  -0.519978238    238  c3  8  PD2  C5  238  0.155600  12.01000 
   0.213993239    239  h1  8  PD2  H10  239  0.030867  1.00800 
   0.213993240    240  h1  8  PD2  H11  240  0.030867  1.00800 
   0.213993241    241  h1  8  PD2  H12  241  0.030867  1.00800 
   0.213993242    242  h1  8  PD2  H13  242  0.030867  1.00800 
   0.213993243    243  h1  8  PD2  H14  243  0.030867  1.00800 
   0.213993244    244  h1  8  PD2  H15  244  0.030867  1.00800 
  -0.089371245    245  Pd  9  PD2  Pd5  245  0.000000  106.42000
   0.260032246    246  n3  9  PD2  N  246  -0.726603  14.01000 
  -0.519978247    247  c3  9  PD2  C  247  0.155600  12.01000 
  -0.519978248    248  c3  9  PD2  C1  248  0.155600  12.01000 
  -0.230643249    249  c3  9  PD2  C2  249  0.173800  12.01000 
   0.213993250    250  h1  9  PD2  H  250  0.030867  1.00800 
   0.213993251    251  h1  9  PD2  H1  251  0.030867  1.00800 
   0.213993252    252  h1  9  PD2  H2  252  0.030867  1.00800 
   0.213993253    253  h1  9  PD2  H3  253  0.030867  1.00800 
   0.213993254    254  h1  9  PD2  H4  254  0.030867  1.00800 
   0.213993255    255  h1  9  PD2  H5  255  0.030867  1.00800 
   0.195315256    256  h1  9  PD2  H6  256  0.028200  1.00800 
   0.195315257    257  h1  9  PD2  H7  257  0.028200  1.00800 
  -0.230643258    258  c3  9  PD2  C3  258  0.173800  12.01000 
   0.260032259    259  n3  9  PD2  N1  259  -0.726603  14.01000 
   0.195315260    260  h1  9  PD2  H8  260  0.028200  1.00800 
   0.195315261    261  h1  9  PD2  H9  261  0.028200  1.00800 
  -0.519978262    262  c3  9  PD2  C4  262  0.155600  12.01000 
  -0.519978263    263  c3  9  PD2  C5  263  0.155600  12.01000 
   0.213993264    264  h1  9  PD2  H10  264  0.030867  1.00800 
   0.213993265    265  h1  9  PD2  H11  265  0.030867  1.00800 
   0.213993266    266  h1  9  PD2  H12  266  0.030867  1.00800 
   0.213993267    267  h1  9  PD2  H13  267  0.030867  1.00800 
   0.213993268    268  h1  9  PD2  H14  268  0.030867  1.00800 
   0.213993269    269  h1  9  PD2  H15  269  0.030867  1.00800 
  -0.0893712700   270  Pd  10  PD2  Pd6  270  0.000000  106.4200
   0.260032271    271  n3  10  PD2  N  271  -0.726603  14.01000 
  -0.519978272    272  c3  10  PD2  C  272  0.155600  12.01000 
  -0.519978273    273  c3  10  PD2  C1  273  0.155600  12.01000 
  -0.230643274    274  c3  10  PD2  C2  274  0.173800  12.01000 
   0.213993275    275  h1  10  PD2  H  275  0.030867  1.00800 
   0.213993276    276  h1  10  PD2  H1  276  0.030867  1.00800 
   0.213993277    277  h1  10  PD2  H2  277  0.030867  1.00800 
   0.213993278    278  h1  10  PD2  H3  278  0.030867  1.00800 
   0.213993279    279  h1  10  PD2  H4  279  0.030867  1.00800 
   0.213993280    280  h1  10  PD2  H5  280  0.030867  1.00800 
   0.195315281    281  h1  10  PD2  H6  281  0.028200  1.00800 
   0.195315282    282  h1  10  PD2  H7  282  0.028200  1.00800 
  -0.230643283    283  c3  10  PD2  C3  283  0.173800  12.01000 
   0.260032284    284  n3  10  PD2  N1  284  -0.726603  14.01000
   0.195315285    285  h1  10  PD2  H8  285  0.028200  1.00800 
   0.195315286    286  h1  10  PD2  H9  286  0.028200  1.00800 
  -0.519978287    287  c3  10  PD2  C4  287  0.155600  12.01000 
  -0.519978288    288  c3  10  PD2  C5  288  0.155600  12.01000 
   0.213993289    289  h1  10  PD2  H10  289  0.030867  1.00800 
   0.213993290    290  h1  10  PD2  H11  290  0.030867  1.00800 
   0.213993291    291  h1  10  PD2  H12  291  0.030867  1.00800 
   0.213993292    292  h1  10  PD2  H13  292  0.030867  1.00800 
   0.213993293    293  h1  10  PD2  H14  293  0.030867  1.00800 
   0.213993294    294  h1  10  PD2  H15  294  0.030867  1.00800 


