1 cp 1 MON C1 1 0.8729731 12.01000
2 nb 1 MON N1 2 -0.7905602 14.01000
3 cp 1 MON C2 3 0.8729733 12.01000
4 nb 1 MON N2 4 -0.7905604 14.01000
5 cp 1 MON C3 5 0.8729735 12.01000
6 nb 1 MON N3 6 -0.7905606 14.01000
7 cp 1 MON C4 7 -0.0651917 12.01000
8 ca 1 MON C5 8 -0.0787838 12.01000
9 ca 1 MON C6 9 -0.0680199 12.01000
10 nb 1 MON N4 10 0.03654010 14.01000
11 ca 1 MON C7 11 -0.06801911 12.01000
12 ca 1 MON C8 12 -0.07878312 12.01000
13 ha 1 MON H1 13 0.15734913 1.00800
14 h4 1 MON H2 14 0.15290514 1.00800
15 h4 1 MON H3 15 0.15290515 1.00800
16 ha 1 MON H4 16 0.15734916 1.00800
17 cp 1 MON C9 17 -0.06519117 12.01000
18 ca 1 MON C10 18 -0.07878318 12.01000
19 ca 1 MON C11 19 -0.06801919 12.01000
20 nb 1 MON N5 20 0.03654020 14.01000
21 ca 1 MON C12 21 -0.06801921 12.01000
22 ca 1 MON C13 22 -0.07878322 12.01000
23 ha 1 MON H5 23 0.15734923 1.00800
24 h4 1 MON H6 24 0.15290524 1.00800
25 h4 1 MON H7 25 0.15290525 1.00800
26 ha 1 MON H8 26 0.15734926 1.00800
27 cp 1 MON C14 27 -0.06519127 12.01000
28 ca 1 MON C15 28 -0.07878328 12.01000
29 ca 1 MON C16 29 -0.06801929 12.01000
30 nb 1 MON N6 30 0.03654030 14.01000
31 ca 1 MON C17 31 -0.06801931 12.01000
32 ca 1 MON C18 32 -0.07878332 12.01000
33 ha 1 MON H9 33 0.15734933 1.00800
34 h4 1 MON H10 34 0.15290534 1.00800
35 h4 1 MON H11 35 0.15290535 1.00800
36 ha 1 MON H12 36 0.15734936 1.00800
37 cp 2 MON C1 37 0.87297337 12.01000
38 nb 2 MON N1 38 -0.79056038 14.01000
39 cp 2 MON C2 39 0.87297339 12.01000
40 nb 2 MON N2 40 -0.79056040 14.01000
41 cp 2 MON C3 41 0.87297341 12.01000
42 nb 2 MON N3 42 -0.79056042 14.01000
43 cp 2 MON C4 43 -0.06519143 12.01000
44 ca 2 MON C5 44 -0.07878344 12.01000
45 ca 2 MON C6 45 -0.06801945 12.01000
46 nb 2 MON N4 46 0.03654046 14.01000
47 ca 2 MON C7 47 -0.06801947 12.01000
48 ca 2 MON C8 48 -0.07878348 12.01000
49 ha 2 MON H1 49 0.15734949 1.00800
50 h4 2 MON H2 50 0.15290550 1.00800
51 h4 2 MON H3 51 0.15290551 1.00800
52 ha 2 MON H4 52 0.15734952 1.00800
53 cp 2 MON C9 53 -0.06519153 12.01000
54 ca 2 MON C10 54 -0.07878354 12.01000
55 ca 2 MON C11 55 -0.06801955 12.01000
56 nb 2 MON N5 56 0.03654056 14.01000
57 ca 2 MON C12 57 -0.06801957 12.01000
58 ca 2 MON C13 58 -0.07878358 12.01000
59 ha 2 MON H5 59 0.15734959 1.00800
60 h4 2 MON H6 60 0.15290560 1.00800
61 h4 2 MON H7 61 0.15290561 1.00800
62 ha 2 MON H8 62 0.15734962 1.00800
63 cp 2 MON C14 63 -0.06519163 12.01000
64 ca 2 MON C15 64 -0.07878364 12.01000
65 ca 2 MON C16 65 -0.06801965 12.01000
66 nb 2 MON N6 66 0.03654066 14.01000
67 ca 2 MON C17 67 -0.06801967 12.01000
68 ca 2 MON C18 68 -0.07878368 12.01000
69 ha 2 MON H9 69 0.15734969 1.00800
70 h4 2 MON H10 70 0.15290570 1.00800
71 h4 2 MON H11 71 0.15290571 1.00800
72 ha 2 MON H12 72 0.15734972 1.00800
73 cp 3 MON C1 73 0.87297373 12.01000
74 nb 3 MON N1 74 -0.79056074 14.01000
75 cp 3 MON C2 75 0.87297375 12.01000
76 nb 3 MON N2 76 -0.79056076 14.01000
77 cp 3 MON C3 77 0.87297377 12.01000
78 nb 3 MON N3 78 -0.79056078 14.01000
79 cp 3 MON C4 79 -0.06519179 12.01000
80 ca 3 MON C5 80 -0.07878380 12.01000
81 ca 3 MON C6 81 -0.06801981 12.01000
82 nb 3 MON N4 82 0.03654082 14.01000
83 ca 3 MON C7 83 -0.06801983 12.01000
84 ca 3 MON C8 84 -0.07878384 12.01000
85 ha 3 MON H1 85 0.15734985 1.00800
86 h4 3 MON H2 86 0.15290586 1.00800
87 h4 3 MON H3 87 0.15290587 1.00800
88 ha 3 MON H4 88 0.15734988 1.00800
89 cp 3 MON C9 89 -0.06519189 12.01000
90 ca 3 MON C10 90 -0.07878390 12.01000
91 ca 3 MON C11 91 -0.06801991 12.01000
92 nb 3 MON N5 92 0.03654092 14.01000
93 ca 3 MON C12 93 -0.06801993 12.01000
94 ca 3 MON C13 94 -0.07878394 12.01000
95 ha 3 MON H5 95 0.15734995 1.00800
96 h4 3 MON H6 96 0.15290596 1.00800
97 h4 3 MON H7 97 0.15290597 1.00800
98 ha 3 MON H8 98 0.15734998 1.00800
99 cp 3 MON C14 99 -0.06519199 12.01000
100 ca 3 MON C15 100 -0.078783100 12.01000
101 ca 3 MON C16 101 -0.068019101 12.01000
102 nb 3 MON N6 102 0.036540102 14.01000
103 ca 3 MON C17 103 -0.068019103 12.01000
104 ca 3 MON C18 104 -0.078783104 12.01000
105 ha 3 MON H9 105 0.157349105 1.00800
106 h4 3 MON H10 106 0.152905106 1.00800
107 h4 3 MON H11 107 0.152905107 1.00800
108 ha 3 MON H12 108 0.157349108 1.00800
109 cp 4 MON C1 109 0.872973109 12.01000
110 nb 4 MON N1 110 -0.790560110 14.01000
111 cp 4 MON C2 111 0.872973111 12.01000
112 nb 4 MON N2 112 -0.790560112 14.01000
113 cp 4 MON C3 113 0.872973113 12.01000
114 nb 4 MON N3 114 -0.790560114 14.01000
115 cp 4 MON C4 115 -0.065191115 12.01000
116 ca 4 MON C5 116 -0.078783116 12.01000
117 ca 4 MON C6 117 -0.068019117 12.01000
118 nb 4 MON N4 118 0.036540118 14.01000
119 ca 4 MON C7 119 -0.068019119 12.01000
120 ca 4 MON C8 120 -0.078783120 12.01000
121 ha 4 MON H1 121 0.157349121 1.00800
122 h4 4 MON H2 122 0.152905122 1.00800
123 h4 4 MON H3 123 0.152905123 1.00800
124 ha 4 MON H4 124 0.157349124 1.00800
125 cp 4 MON C9 125 -0.065191125 12.01000
126 ca 4 MON C10 126 -0.078783126 12.01000
127 ca 4 MON C11 127 -0.068019127 12.01000
128 nb 4 MON N5 128 0.036540128 14.01000
129 ca 4 MON C12 129 -0.068019129 12.01000
130 ca 4 MON C13 130 -0.078783130 12.01000
131 ha 4 MON H5 131 0.157349131 1.00800
132 h4 4 MON H6 132 0.152905132 1.00800
133 h4 4 MON H7 133 0.152905133 1.00800
134 ha 4 MON H8 134 0.157349134 1.00800
135 cp 4 MON C14 135 -0.065191135 12.01000
136 ca 4 MON C15 136 -0.078783136 12.01000
137 ca 4 MON C16 137 -0.068019137 12.01000
138 nb 4 MON N6 138 0.036540138 14.01000
139 ca 4 MON C17 139 -0.068019139 12.01000
140 ca 4 MON C18 140 -0.078783140 12.01000
141 ha 4 MON H9 141 0.157349141 1.00800
142 h4 4 MON H10 142 0.152905142 1.00800
143 h4 4 MON H11 143 0.152905143 1.00800
144 ha 4 MON H12 144 0.157349144 1.00800
145 Pd 5 PD2 Pd1 145 -0.089371145 106.42000
146 n3 5 PD2 N 146 0.260032146 14.01000
147 c3 5 PD2 C 147 0.260032147 12.01000
148 c3 5 PD2 C1 148 -0.519978148 12.01000
149 c3 5 PD2 C2 149 -0.519978149 12.01000
150 h1 5 PD2 H 150 -0.230643150 1.00800
151 h1 5 PD2 H1 151 -0.230643151 1.00800
152 h1 5 PD2 H2 152 -0.519978152 1.00800
153 h1 5 PD2 H3 153 -0.519978153 1.00800
154 h1 5 PD2 H4 154 0.213993154 1.00800
155 h1 5 PD2 H5 155 0.213993155 1.00800
156 h1 5 PD2 H6 156 0.213993156 1.00800
157 h1 5 PD2 H7 157 0.213993157 1.00800
158 c3 5 PD2 C3 158 0.213993158 12.01000
159 n3 5 PD2 N1 159 0.213993159 14.01000
160 h1 5 PD2 H8 160 0.195315160 1.00800
161 h1 5 PD2 H9 161 0.195315161 1.00800
162 c3 5 PD2 C4 162 0.195315162 12.01000
163 c3 5 PD2 C5 163 0.195315163 12.01000
164 h1 5 PD2 H10 164 0.213993164 1.00800
165 h1 5 PD2 H11 165 0.213993165 1.00800
166 h1 5 PD2 H12 166 0.213993166 1.00800
167 h1 5 PD2 H13 167 0.213993167 1.00800
168 h1 5 PD2 H14 168 0.213993168 1.00800
169 h1 5 PD2 H15 169 0.213993169 1.00800
170 Pd 6 PD2 Pd2 170 -0.089371170 106.42000
171 n3 6 PD2 N 171 0.260032171 14.01000
172 c3 6 PD2 C 172 -0.519978172 12.01000
173 c3 6 PD2 C1 173 -0.519978173 12.01000
174 c3 6 PD2 C2 174 -0.230643174 12.01000
175 h1 6 PD2 H 175 0.213993175 1.00800
176 h1 6 PD2 H1 176 0.213993176 1.00800
177 h1 6 PD2 H2 177 0.213993177 1.00800
178 h1 6 PD2 H3 178 0.213993178 1.00800
179 h1 6 PD2 H4 179 0.213993179 1.00800
180 h1 6 PD2 H5 180 0.213993180 1.00800
181 h1 6 PD2 H6 181 0.195315181 1.00800
182 h1 6 PD2 H7 182 0.195315182 1.00800
183 c3 6 PD2 C3 183 -0.230643183 12.01000
184 n3 6 PD2 N1 184 0.260032184 14.01000
185 h1 6 PD2 H8 185 0.195315185 1.00800
186 h1 6 PD2 H9 186 0.195315186 1.00800
187 c3 6 PD2 C4 187 -0.519978187 12.01000
188 c3 6 PD2 C5 188 -0.519978188 12.01000
189 h1 6 PD2 H10 189 0.213993189 1.00800
190 h1 6 PD2 H11 190 0.213993190 1.00800
191 h1 6 PD2 H12 191 0.213993191 1.00800
192 h1 6 PD2 H13 192 0.213993192 1.00800
193 h1 6 PD2 H14 193 0.213993193 1.00800
194 h1 6 PD2 H15 194 0.213993194 1.00800
195 Pd 7 PD2 Pd3 195 -0.089371195 106.42000
196 n3 7 PD2 N 196 0.260032196 14.01000
197 c3 7 PD2 C 197 -0.519978197 12.01000
198 c3 7 PD2 C1 198 -0.519978198 12.01000
199 c3 7 PD2 C2 199 -0.230643199 12.01000
200 h1 7 PD2 H 200 0.213993200 1.00800
201 h1 7 PD2 H1 201 0.213993201 1.00800
202 h1 7 PD2 H2 202 0.213993202 1.00800
203 h1 7 PD2 H3 203 0.213993203 1.00800
204 h1 7 PD2 H4 204 0.213993204 1.00800
205 h1 7 PD2 H5 205 0.213993205 1.00800
206 h1 7 PD2 H6 206 0.195315206 1.00800
207 h1 7 PD2 H7 207 0.195315207 1.00800
208 c3 7 PD2 C3 208 -0.230643208 12.01000
209 n3 7 PD2 N1 209 0.260032209 14.01000
210 h1 7 PD2 H8 210 0.195315210 1.00800
211 h1 7 PD2 H9 211 0.195315211 1.00800
212 c3 7 PD2 C4 212 -0.519978212 12.01000
213 c3 7 PD2 C5 213 -0.519978213 12.01000
214 h1 7 PD2 H10 214 0.213993214 1.00800
215 h1 7 PD2 H11 215 0.213993215 1.00800
216 h1 7 PD2 H12 216 0.213993216 1.00800
217 h1 7 PD2 H13 217 0.213993217 1.00800
218 h1 7 PD2 H14 218 0.213993218 1.00800
219 h1 7 PD2 H15 219 0.213993219 1.00800
220 Pd 8 PD2 Pd4 220 -0.089371220 106.42000
221 n3 8 PD2 N 221 0.260032221 14.01000
222 c3 8 PD2 C 222 -0.519978222 12.01000
223 c3 8 PD2 C1 223 -0.519978223 12.01000
224 c3 8 PD2 C2 224 -0.230643224 12.01000
225 h1 8 PD2 H 225 0.213993225 1.00800
226 h1 8 PD2 H1 226 0.213993226 1.00800
227 h1 8 PD2 H2 227 0.213993227 1.00800
228 h1 8 PD2 H3 228 0.213993228 1.00800
229 h1 8 PD2 H4 229 0.213993229 1.00800
230 h1 8 PD2 H5 230 0.213993230 1.00800
231 h1 8 PD2 H6 231 0.195315231 1.00800
232 h1 8 PD2 H7 232 0.195315232 1.00800
233 c3 8 PD2 C3 233 -0.230643233 12.01000
234 n3 8 PD2 N1 234 0.260032234 14.01000
235 h1 8 PD2 H8 235 0.195315235 1.00800
236 h1 8 PD2 H9 236 0.195315236 1.00800
237 c3 8 PD2 C4 237 -0.519978237 12.01000
238 c3 8 PD2 C5 238 -0.519978238 12.01000
239 h1 8 PD2 H10 239 0.213993239 1.00800
240 h1 8 PD2 H11 240 0.213993240 1.00800
241 h1 8 PD2 H12 241 0.213993241 1.00800
242 h1 8 PD2 H13 242 0.213993242 1.00800
243 h1 8 PD2 H14 243 0.213993243 1.00800
244 h1 8 PD2 H15 244 0.213993244 1.00800
245 Pd 9 PD2 Pd5 245 -0.089371245 106.42000
246 n3 9 PD2 N 246 0.260032246 14.01000
247 c3 9 PD2 C 247 -0.519978247 12.01000
248 c3 9 PD2 C1 248 -0.519978248 12.01000
249 c3 9 PD2 C2 249 -0.230643249 12.01000
250 h1 9 PD2 H 250 0.213993250 1.00800
251 h1 9 PD2 H1 251 0.213993251 1.00800
252 h1 9 PD2 H2 252 0.213993252 1.00800
253 h1 9 PD2 H3 253 0.213993253 1.00800
254 h1 9 PD2 H4 254 0.213993254 1.00800
255 h1 9 PD2 H5 255 0.213993255 1.00800
256 h1 9 PD2 H6 256 0.195315256 1.00800
257 h1 9 PD2 H7 257 0.195315257 1.00800
258 c3 9 PD2 C3 258 -0.230643258 12.01000
259 n3 9 PD2 N1 259 0.260032259 14.01000
260 h1 9 PD2 H8 260 0.195315260 1.00800
261 h1 9 PD2 H9 261 0.195315261 1.00800
262 c3 9 PD2 C4 262 -0.519978262 12.01000
263 c3 9 PD2 C5 263 -0.519978263 12.01000
264 h1 9 PD2 H10 264 0.213993264 1.00800
265 h1 9 PD2 H11 265 0.213993265 1.00800
266 h1 9 PD2 H12 266 0.213993266 1.00800
267 h1 9 PD2 H13 267 0.213993267 1.00800
268 h1 9 PD2 H14 268 0.213993268 1.00800
269 h1 9 PD2 H15 269 0.213993269 1.00800
270 Pd 10 PD2 Pd6 270 -0.0893712700 106.4200
271 n3 10 PD2 N 271 0.260032271 14.01000
272 c3 10 PD2 C 272 -0.519978272 12.01000
273 c3 10 PD2 C1 273 -0.519978273 12.01000
274 c3 10 PD2 C2 274 -0.230643274 12.01000
275 h1 10 PD2 H 275 0.213993275 1.00800
276 h1 10 PD2 H1 276 0.213993276 1.00800
277 h1 10 PD2 H2 277 0.213993277 1.00800
278 h1 10 PD2 H3 278 0.213993278 1.00800
279 h1 10 PD2 H4 279 0.213993279 1.00800
280 h1 10 PD2 H5 280 0.213993280 1.00800
281 h1 10 PD2 H6 281 0.195315281 1.00800
282 h1 10 PD2 H7 282 0.195315282 1.00800
283 c3 10 PD2 C3 283 -0.230643283 12.01000
284 n3 10 PD2 N1 284 0.260032284 14.01000
285 h1 10 PD2 H8 285 0.195315285 1.00800
286 h1 10 PD2 H9 286 0.195315286 1.00800
287 c3 10 PD2 C4 287 -0.519978287 12.01000
288 c3 10 PD2 C5 288 -0.519978288 12.01000
289 h1 10 PD2 H10 289 0.213993289 1.00800
290 h1 10 PD2 H11 290 0.213993290 1.00800
291 h1 10 PD2 H12 291 0.213993291 1.00800
292 h1 10 PD2 H13 292 0.213993292 1.00800
293 h1 10 PD2 H14 293 0.213993293 1.00800
294 h1 10 PD2 H15 294 0.213993294 1.00800
       
       
