                  :-) GROMACS - gmx mdrun, 2020.2-MODIFIED (-:

                            GROMACS is written by:
     Emile Apol      Rossen Apostolov      Paul Bauer     Herman J.C. Berendsen
    Par Bjelkmar      Christian Blau   Viacheslav Bolnykh     Kevin Boyd    
 Aldert van Buuren   Rudi van Drunen     Anton Feenstra       Alan Gray     
  Gerrit Groenhof     Anca Hamuraru    Vincent Hindriksen  M. Eric Irrgang  
  Aleksei Iupinov   Christoph Junghans     Joe Jordan     Dimitrios Karkoulis
    Peter Kasson        Jiri Kraus      Carsten Kutzner      Per Larsson    
  Justin A. Lemkul    Viveca Lindahl    Magnus Lundborg     Erik Marklund   
    Pascal Merz     Pieter Meulenhoff    Teemu Murtola       Szilard Pall   
    Sander Pronk      Roland Schulz      Michael Shirts    Alexey Shvetsov  
   Alfons Sijbers     Peter Tieleman      Jon Vincent      Teemu Virolainen 
 Christian Wennberg    Maarten Wolf      Artem Zhmurov   
                           and the project leaders:
        Mark Abraham, Berk Hess, Erik Lindahl, and David van der Spoel

Copyright (c) 1991-2000, University of Groningen, The Netherlands.
Copyright (c) 2001-2019, The GROMACS development team at
Uppsala University, Stockholm University and
the Royal Institute of Technology, Sweden.
check out http://www.gromacs.org for more information.

GROMACS is free software; you can redistribute it and/or modify it
under the terms of the GNU Lesser General Public License
as published by the Free Software Foundation; either version 2.1
of the License, or (at your option) any later version.

GROMACS:      gmx mdrun, version 2020.2-MODIFIED
Executable:   /Users/fiskbook4/PROGRAMS/BIN/gromacs-2020.2/bin/gmx
Data prefix:  /Users/fiskbook4/PROGRAMS/BIN/gromacs-2020.2
Working dir:  /Users/fiskbook4/SUPSI/project_Catalysis/1.Parametrization/4.CAGE_PD2
Process ID:   27390
Command line:
  gmx mdrun -deffnm short

GROMACS version:    2020.2-MODIFIED
This program has been built from source code that has been altered and does not match the code released as part of the official GROMACS version 2020.2-MODIFIED. If you did not intend to use an altered GROMACS version, make sure to download an intact source distribution and compile that before proceeding.
If you have modified the source code, you are strongly encouraged to set your custom version suffix (using -DGMX_VERSION_STRING_OF_FORK) which will can help later with scientific reproducibility but also when reporting bugs.
Release checksum: 3f718d436b1ac2d44ce97164df8a13322fc143498ba44eccfd567e20d8aaea1d
Computed checksum: b1142ffb80d3fb7cda7044308fdb9b250d69d28d3b19aef7c398d889176954d7
Precision:          single
Memory model:       64 bit
MPI library:        thread_mpi
OpenMP support:     disabled
GPU support:        disabled
SIMD instructions:  SSE4.1
FFT library:        fftw-3.3.8-sse2-avx
RDTSCP usage:       disabled
TNG support:        enabled
Hwloc support:      hwloc-2.2.0
Tracing support:    disabled
C compiler:         /usr/local/bin/mpicc AppleClang 12.0.0.12000032
C compiler flags:   -msse4.1 -Wno-unknown-pragmas -fno-stack-check -fno-stack-check -O3 -DNDEBUG
C++ compiler:       /usr/local/bin/mpicxx AppleClang 12.0.0.12000032
C++ compiler flags: -msse4.1 -Wno-unknown-pragmas -fno-stack-check -fno-stack-check -O3 -DNDEBUG


Running on 1 node with total 8 cores, 16 logical cores
Hardware detected:
  CPU info:
    Vendor: Intel
    Brand:  Intel(R) Core(TM) i9-9880H CPU @ 2.30GHz
    Family: 6   Model: 158   Stepping: 13
    Features: aes apic avx avx2 clfsh cmov cx8 cx16 f16c fma htt intel lahf mmx msr nonstop_tsc pcid pclmuldq pdcm pdpe1gb popcnt pse rdrnd rdtscp sse2 sse3 sse4.1 sse4.2 ssse3 tdt x2apic
  Hardware topology: Full
    Sockets, cores, and logical processors:
      Socket  0: [   0   1] [   2   3] [   4   5] [   6   7] [   8   9] [  10  11] [  12  13] [  14  15]
    Numa nodes:
      Node  0 (34359738368 bytes mem):   0   1   2   3   4   5   6   7   8   9  10  11  12  13  14  15
      Latency:
               0
         0  1.00
    Caches:
      L1: 32768 bytes, linesize 64 bytes, assoc. 0, shared 2 ways
      L2: 262144 bytes, linesize 64 bytes, assoc. 4, shared 2 ways
      L3: 16777216 bytes, linesize 64 bytes, assoc. 0, shared 16 ways

Highest SIMD level requested by all nodes in run: AVX2_256
SIMD instructions selected at compile time:       SSE4.1
This program was compiled for different hardware than you are running on,
which could influence performance.
The current CPU can measure timings more accurately than the code in
gmx mdrun was configured to use. This might affect your simulation
speed as accurate timings are needed for load-balancing.
Please consider rebuilding gmx mdrun with the GMX_USE_RDTSCP=ON CMake option.

++++ PLEASE READ AND CITE THE FOLLOWING REFERENCE ++++
M. J. Abraham, T. Murtola, R. Schulz, S. Páll, J. C. Smith, B. Hess, E.
Lindahl
GROMACS: High performance molecular simulations through multi-level
parallelism from laptops to supercomputers
SoftwareX 1 (2015) pp. 19-25
-------- -------- --- Thank You --- -------- --------


++++ PLEASE READ AND CITE THE FOLLOWING REFERENCE ++++
S. Páll, M. J. Abraham, C. Kutzner, B. Hess, E. Lindahl
Tackling Exascale Software Challenges in Molecular Dynamics Simulations with
GROMACS
In S. Markidis & E. Laure (Eds.), Solving Software Challenges for Exascale 8759 (2015) pp. 3-27
-------- -------- --- Thank You --- -------- --------


++++ PLEASE READ AND CITE THE FOLLOWING REFERENCE ++++
S. Pronk, S. Páll, R. Schulz, P. Larsson, P. Bjelkmar, R. Apostolov, M. R.
Shirts, J. C. Smith, P. M. Kasson, D. van der Spoel, B. Hess, and E. Lindahl
GROMACS 4.5: a high-throughput and highly parallel open source molecular
simulation toolkit
Bioinformatics 29 (2013) pp. 845-54
-------- -------- --- Thank You --- -------- --------


++++ PLEASE READ AND CITE THE FOLLOWING REFERENCE ++++
B. Hess and C. Kutzner and D. van der Spoel and E. Lindahl
GROMACS 4: Algorithms for highly efficient, load-balanced, and scalable
molecular simulation
J. Chem. Theory Comput. 4 (2008) pp. 435-447
-------- -------- --- Thank You --- -------- --------


++++ PLEASE READ AND CITE THE FOLLOWING REFERENCE ++++
D. van der Spoel, E. Lindahl, B. Hess, G. Groenhof, A. E. Mark and H. J. C.
Berendsen
GROMACS: Fast, Flexible and Free
J. Comp. Chem. 26 (2005) pp. 1701-1719
-------- -------- --- Thank You --- -------- --------


++++ PLEASE READ AND CITE THE FOLLOWING REFERENCE ++++
E. Lindahl and B. Hess and D. van der Spoel
GROMACS 3.0: A package for molecular simulation and trajectory analysis
J. Mol. Mod. 7 (2001) pp. 306-317
-------- -------- --- Thank You --- -------- --------


++++ PLEASE READ AND CITE THE FOLLOWING REFERENCE ++++
H. J. C. Berendsen, D. van der Spoel and R. van Drunen
GROMACS: A message-passing parallel molecular dynamics implementation
Comp. Phys. Comm. 91 (1995) pp. 43-56
-------- -------- --- Thank You --- -------- --------


++++ PLEASE CITE THE DOI FOR THIS VERSION OF GROMACS ++++
https://doi.org/10.5281/zenodo.3773801
-------- -------- --- Thank You --- -------- --------

Input Parameters:
   integrator                     = md
   tinit                          = 0
   dt                             = 0.0002
   nsteps                         = 50000
   init-step                      = 0
   simulation-part                = 1
   comm-mode                      = Linear
   nstcomm                        = 100
   bd-fric                        = 0
   ld-seed                        = 1253512171
   emtol                          = 10
   emstep                         = 0.01
   niter                          = 20
   fcstep                         = 0
   nstcgsteep                     = 1000
   nbfgscorr                      = 10
   rtpi                           = 0.05
   nstxout                        = 10000000
   nstvout                        = 10000000
   nstfout                        = 0
   nstlog                         = 50000
   nstcalcenergy                  = 10
   nstenergy                      = 2000
   nstxout-compressed             = 20000
   compressed-x-precision         = 1000
   cutoff-scheme                  = Verlet
   nstlist                        = 20
   pbc                            = xyz
   periodic-molecules             = false
   verlet-buffer-tolerance        = 0.005
   rlist                          = 1
   coulombtype                    = PME
   coulomb-modifier               = Potential-shift
   rcoulomb-switch                = 0
   rcoulomb                       = 1
   epsilon-r                      = 1
   epsilon-rf                     = inf
   vdw-type                       = Cut-off
   vdw-modifier                   = Potential-shift
   rvdw-switch                    = 0
   rvdw                           = 1
   DispCorr                       = No
   table-extension                = 1
   fourierspacing                 = 0.16
   fourier-nx                     = 36
   fourier-ny                     = 36
   fourier-nz                     = 36
   pme-order                      = 4
   ewald-rtol                     = 1e-05
   ewald-rtol-lj                  = 0.001
   lj-pme-comb-rule               = Geometric
   ewald-geometry                 = 0
   epsilon-surface                = 0
   tcoupl                         = V-rescale
   nsttcouple                     = 20
   nh-chain-length                = 0
   print-nose-hoover-chain-variables = false
   pcoupl                         = Berendsen
   pcoupltype                     = Isotropic
   nstpcouple                     = 20
   tau-p                          = 1
   compressibility (3x3):
      compressibility[    0]={ 4.50000e-05,  0.00000e+00,  0.00000e+00}
      compressibility[    1]={ 0.00000e+00,  4.50000e-05,  0.00000e+00}
      compressibility[    2]={ 0.00000e+00,  0.00000e+00,  4.50000e-05}
   ref-p (3x3):
      ref-p[    0]={ 1.00000e+00,  0.00000e+00,  0.00000e+00}
      ref-p[    1]={ 0.00000e+00,  1.00000e+00,  0.00000e+00}
      ref-p[    2]={ 0.00000e+00,  0.00000e+00,  1.00000e+00}
   refcoord-scaling               = All
   posres-com (3):
      posres-com[0]= 0.00000e+00
      posres-com[1]= 0.00000e+00
      posres-com[2]= 0.00000e+00
   posres-comB (3):
      posres-comB[0]= 0.00000e+00
      posres-comB[1]= 0.00000e+00
      posres-comB[2]= 0.00000e+00
   QMMM                           = false
   QMconstraints                  = 0
   QMMMscheme                     = 0
   MMChargeScaleFactor            = 1
qm-opts:
   ngQM                           = 0
   constraint-algorithm           = Lincs
   continuation                   = false
   Shake-SOR                      = false
   shake-tol                      = 0.0001
   lincs-order                    = 4
   lincs-iter                     = 2
   lincs-warnangle                = 80
   nwall                          = 0
   wall-type                      = 9-3
   wall-r-linpot                  = -1
   wall-atomtype[0]               = -1
   wall-atomtype[1]               = -1
   wall-density[0]                = 0
   wall-density[1]                = 0
   wall-ewald-zfac                = 3
   pull                           = false
   awh                            = false
   rotation                       = false
   interactiveMD                  = false
   disre                          = No
   disre-weighting                = Conservative
   disre-mixed                    = false
   dr-fc                          = 1000
   dr-tau                         = 0
   nstdisreout                    = 100
   orire-fc                       = 0
   orire-tau                      = 0
   nstorireout                    = 100
   free-energy                    = no
   cos-acceleration               = 0
   deform (3x3):
      deform[    0]={ 0.00000e+00,  0.00000e+00,  0.00000e+00}
      deform[    1]={ 0.00000e+00,  0.00000e+00,  0.00000e+00}
      deform[    2]={ 0.00000e+00,  0.00000e+00,  0.00000e+00}
   simulated-tempering            = false
   swapcoords                     = no
   userint1                       = 0
   userint2                       = 0
   userint3                       = 0
   userint4                       = 0
   userreal1                      = 0
   userreal2                      = 0
   userreal3                      = 0
   userreal4                      = 0
   applied-forces:
     electric-field:
       x:
         E0                       = 0
         omega                    = 0
         t0                       = 0
         sigma                    = 0
       y:
         E0                       = 0
         omega                    = 0
         t0                       = 0
         sigma                    = 0
       z:
         E0                       = 0
         omega                    = 0
         t0                       = 0
         sigma                    = 0
     density-guided-simulation:
       active                     = false
       group                      = protein
       similarity-measure         = inner-product
       atom-spreading-weight      = unity
       force-constant             = 1e+09
       gaussian-transform-spreading-width = 0.2
       gaussian-transform-spreading-range-in-multiples-of-width = 4
       reference-density-filename = reference.mrc
       nst                        = 1
       normalize-densities        = true
       adaptive-force-scaling     = false
       adaptive-force-scaling-time-constant = 4
grpopts:
   nrdf:         735
   ref-t:         300
   tau-t:           1
annealing:          No
annealing-npoints:           0
   acc:	           0           0           0
   nfreeze:           N           N           N
   energygrp-flags[  0]: 0

Changing nstlist from 20 to 100, rlist from 1 to 1


Initializing Domain Decomposition on 3 ranks
Dynamic load balancing: auto
Minimum cell size due to atom displacement: 0.179 nm
Initial maximum distances in bonded interactions:
    two-body bonded interactions: 0.583 nm, Exclusion, atoms 45 221
  multi-body bonded interactions: 0.489 nm, Angle, atoms 82 246
Minimum cell size due to bonded interactions: 0.538 nm
Maximum distance for 5 constraints, at 120 deg. angles, all-trans: 0.219 nm
Estimated maximum distance required for P-LINCS: 0.219 nm
Scaling the initial minimum size with 1/0.8 (option -dds) = 1.25
Using 0 separate PME ranks, as there are too few total
 ranks for efficient splitting
Optimizing the DD grid for 3 cells with a minimum initial size of 0.673 nm
The maximum allowed number of cells is: X 8 Y 8 Z 8
Domain decomposition grid 3 x 1 x 1, separate PME ranks 0
PME domain decomposition: 3 x 1 x 1
Domain decomposition rank 0, coordinates 0 0 0

The initial number of communication pulses is: X 1
The initial domain decomposition cell size is: X 1.83 nm

The maximum allowed distance for atoms involved in interactions is:
                 non-bonded interactions           1.000 nm
(the following are initial values, they could change due to box deformation)
            two-body bonded interactions  (-rdd)   1.000 nm
          multi-body bonded interactions  (-rdd)   1.000 nm
  atoms separated by up to 5 constraints  (-rcon)  1.826 nm

When dynamic load balancing gets turned on, these settings will change to:
The maximum number of communication pulses is: X 1
The minimum size for domain decomposition cells is 1.000 nm
The requested allowed shrink of DD cells (option -dds) is: 0.80
The allowed shrink of domain decomposition cells is: X 0.55
The maximum allowed distance for atoms involved in interactions is:
                 non-bonded interactions           1.000 nm
            two-body bonded interactions  (-rdd)   1.000 nm
          multi-body bonded interactions  (-rdd)   1.000 nm
  atoms separated by up to 5 constraints  (-rcon)  1.000 nm

Using 3 MPI threads
System total charge: 12.000
Will do PME sum in reciprocal space for electrostatic interactions.

++++ PLEASE READ AND CITE THE FOLLOWING REFERENCE ++++
U. Essmann, L. Perera, M. L. Berkowitz, T. Darden, H. Lee and L. G. Pedersen 
A smooth particle mesh Ewald method
J. Chem. Phys. 103 (1995) pp. 8577-8592
-------- -------- --- Thank You --- -------- --------

Using a Gaussian width (1/beta) of 0.320163 nm for Ewald
Potential shift: LJ r^-12: -1.000e+00 r^-6: -1.000e+00, Ewald -1.000e-05
Initialized non-bonded Ewald tables, spacing: 9.33e-04 size: 1073

Generated table with 1000 data points for 1-4 COUL.
Tabscale = 500 points/nm
Generated table with 1000 data points for 1-4 LJ6.
Tabscale = 500 points/nm
Generated table with 1000 data points for 1-4 LJ12.
Tabscale = 500 points/nm

Using SIMD 4x4 nonbonded short-range kernels

Using a 4x4 pair-list setup:
  updated every 100 steps, buffer 0.000 nm, rlist 1.000 nm
At tolerance 0.005 kJ/mol/ps per atom, equivalent classical 1x1 list would be:
  updated every 100 steps, buffer 0.000 nm, rlist 1.000 nm

Using Lorentz-Berthelot Lennard-Jones combination rule

Removing pbc first time

Initializing Parallel LINear Constraint Solver

++++ PLEASE READ AND CITE THE FOLLOWING REFERENCE ++++
B. Hess
P-LINCS: A Parallel Linear Constraint Solver for molecular simulation
J. Chem. Theory Comput. 4 (2008) pp. 116-122
-------- -------- --- Thank You --- -------- --------

The number of constraints is 144
There are constraints between atoms in different decomposition domains,
will communicate selected coordinates each lincs iteration

Linking all bonded interactions to atoms


Intra-simulation communication will occur every 10 steps.

++++ PLEASE READ AND CITE THE FOLLOWING REFERENCE ++++
G. Bussi, D. Donadio and M. Parrinello
Canonical sampling through velocity rescaling
J. Chem. Phys. 126 (2007) pp. 014101
-------- -------- --- Thank You --- -------- --------

There are: 294 Atoms
Atom distribution over 3 domains: av 98 stddev 103 min 25 max 244

Constraining the starting coordinates (step 0)

Constraining the coordinates at t0-dt (step 0)
Center of mass motion removal mode is Linear
We have the following groups for center of mass motion removal:
  0:  rest
RMS relative constraint deviation after constraining: 5.80e-07
Initial temperature: 286.06 K

Started mdrun on rank 0 Mon Oct 26 17:24:03 2020

           Step           Time
              0        0.00000

   Energies (kJ/mol)
           Bond          Angle    Proper Dih. Ryckaert-Bell.  Improper Dih.
    2.23713e+02    4.72026e+02    6.41302e+00    9.13644e+01    1.30427e+00
          LJ-14     Coulomb-14        LJ (SR)   Coulomb (SR)   Coul. recip.
    4.51513e+02   -5.19192e+03   -7.15640e+01    5.89317e+02    3.55799e+03
      Potential    Kinetic En.   Total Energy  Conserved En.    Temperature
    1.30159e+02    8.74042e+02    1.00420e+03    1.00423e+03    2.86049e+02
 Pressure (bar)   Constr. rmsd
   -9.90432e+01    6.65140e-07


DD  step 99 load imb.: force 119.4%

step 200 Turning on dynamic load balancing, because the performance loss due to load imbalance is 16.7 %.
step 30000 Turning off dynamic load balancing, because it is degrading performance.
Atom distribution over 3 domains: av 98 stddev 103 min 25 max 244
step 40000 Turning on dynamic load balancing, because the performance loss due to load imbalance is 10.5 %.

DD  load balancing is limited by minimum cell size in dimension X
DD  step 49999  vol min/aver 0.559! load imb.: force 50.5%
           Step           Time
          50000       10.00000

Writing checkpoint, step 50000 at Mon Oct 26 17:24:24 2020


   Energies (kJ/mol)
           Bond          Angle    Proper Dih. Ryckaert-Bell.  Improper Dih.
    4.43307e+02    8.76622e+02    1.35882e+02    1.19927e+02    1.69142e+01
          LJ-14     Coulomb-14        LJ (SR)   Coulomb (SR)   Coul. recip.
    4.71937e+02   -5.16519e+03   -5.80644e+01    5.68778e+02    3.43555e+03
      Potential    Kinetic En.   Total Energy  Conserved En.    Temperature
    8.45662e+02    8.96466e+02    1.74213e+03    1.00540e+03    2.93388e+02
 Pressure (bar)   Constr. rmsd
   -1.58870e+02    6.72041e-07


	<======  ###############  ==>
	<====  A V E R A G E S  ====>
	<==  ###############  ======>

	Statistics over 50001 steps using 5001 frames

   Energies (kJ/mol)
           Bond          Angle    Proper Dih. Ryckaert-Bell.  Improper Dih.
    4.13185e+02    8.22464e+02    1.26686e+02    1.25464e+02    1.58528e+01
          LJ-14     Coulomb-14        LJ (SR)   Coulomb (SR)   Coul. recip.
    4.72041e+02   -5.19246e+03   -6.82980e+01    5.99022e+02    3.51495e+03
      Potential    Kinetic En.   Total Energy  Conserved En.    Temperature
    8.28902e+02    7.90172e+02    1.61907e+03    1.00371e+03    2.58601e+02
 Pressure (bar)   Constr. rmsd
   -1.38967e+02    0.00000e+00

          Box-X          Box-Y          Box-Z
    5.42038e+00    5.42038e+00    5.42038e+00

   Total Virial (kJ/mol)
    9.46580e+02    3.58960e+00   -2.27160e-01
    3.58963e+00    8.98153e+02   -1.92638e+00
   -2.27132e-01   -1.92639e+00    9.43658e+02

   Pressure (bar)
   -1.42272e+02   -6.84050e-01   -2.18733e-01
   -6.84055e-01   -1.32449e+02    7.59267e-01
   -2.18738e-01    7.59269e-01   -1.42179e+02


	M E G A - F L O P S   A C C O U N T I N G

 NB=Group-cutoff nonbonded kernels    NxN=N-by-N cluster Verlet kernels
 RF=Reaction-Field  VdW=Van der Waals  QSTab=quadratic-spline table
 W3=SPC/TIP3p  W4=TIP4p (single or pairs)
 V&F=Potential and force  V=Potential only  F=Force only

 Computing:                               M-Number         M-Flops  % Flops
-----------------------------------------------------------------------------
 Pair Search distance check               5.228264          47.054     0.0
 NxN QSTab Elec. + LJ [F]               962.992080       39482.675     6.0
 NxN QSTab Elec. + LJ [V&F]             107.020144        6314.188     1.0
 NxN QSTab Elec. [F]                     15.902640         540.690     0.1
 NxN QSTab Elec. [V&F]                    1.767360          72.462     0.0
 1,4 nonbonded interactions              27.900558        2511.050     0.4
 Calc Weights                            44.100882        1587.632     0.2
 Spread Q Bspline                       940.818816        1881.638     0.3
 Gather F Bspline                       940.818816        5644.913     0.9
 3D-FFT                               72363.847248      578910.778    88.3
 Solve PME                               64.801296        4147.283     0.6
 Reset In Box                             0.147000           0.441     0.0
 CG-CoM                                   0.147588           0.443     0.0
 Bonds                                    8.700174         513.310     0.1
 Angles                                  29.400588        4939.299     0.8
 Propers                                 16.800336        3847.277     0.6
 Impropers                                3.600072         748.815     0.1
 RB-Dihedrals                            13.500270        3334.567     0.5
 Virial                                   2.145429          38.618     0.0
 Stop-CM                                  0.147588           1.476     0.0
 P-Coupling                               0.735294           4.412     0.0
 Calc-Ekin                                2.940588          79.396     0.0
 Lincs                                    7.596636         455.798     0.1
 Lincs-Mat                               53.446224         213.785     0.0
 Constraint-V                            15.192984         121.544     0.0
 Constraint-Vir                           0.759768          18.234     0.0
-----------------------------------------------------------------------------
 Total                                                  655457.777   100.0
-----------------------------------------------------------------------------


    D O M A I N   D E C O M P O S I T I O N   S T A T I S T I C S

 av. #atoms communicated per step for force:  2 x 233.4
 av. #atoms communicated per step for LINCS:  3 x 12.3


Dynamic load balancing report:
 DLB was turned on during the run due to measured imbalance.
 Average load imbalance: 73.0%.
 The balanceable part of the MD step is 14%, load imbalance is computed from this.
 Part of the total run time spent waiting due to load imbalance: 10.0%.
 Steps where the load balancing was limited by -rdd, -rcon and/or -dds: X 0 %

NOTE: 10.0 % of the available CPU time was lost due to load imbalance
      in the domain decomposition.
      You can consider manually changing the decomposition (option -dd);
      e.g. by using fewer domains along the box dimension in which there is
      considerable inhomogeneity in the simulated system.

     R E A L   C Y C L E   A N D   T I M E   A C C O U N T I N G

On 3 MPI ranks

 Computing:          Num   Num      Call    Wall time         Giga-Cycles
                     Ranks Threads  Count      (s)         total sum    %
-----------------------------------------------------------------------------
 Domain decomp.         3    1        501       0.062          0.426   0.3
 DD comm. load          3    1        401       0.001          0.006   0.0
 DD comm. bounds        3    1        399       0.001          0.009   0.0
 Neighbor search        3    1        501       0.023          0.158   0.1
 Comm. coord.           3    1      49500       0.182          1.256   0.9
 Force                  3    1      50001       2.337         16.150  11.5
 Wait + Comm. F         3    1      50001       0.136          0.939   0.7
 PME mesh               3    1      50001      17.057        117.899  84.2
 NB X/F buffer ops.     3    1     149001       0.044          0.301   0.2
 Write traj.            3    1          4       0.001          0.007   0.0
 Update                 3    1      50001       0.026          0.183   0.1
 Constraints            3    1      50003       0.269          1.858   1.3
 Comm. energies         3    1       5001       0.032          0.223   0.2
 Rest                                           0.100          0.689   0.5
-----------------------------------------------------------------------------
 Total                                         20.270        140.105 100.0
-----------------------------------------------------------------------------
 Breakdown of PME mesh computation
-----------------------------------------------------------------------------
 PME redist. X/F        3    1     100002       2.952         20.406  14.6
 PME spread             3    1      50001       1.221          8.441   6.0
 PME gather             3    1      50001       0.925          6.393   4.6
 PME 3D-FFT             3    1     100002       9.305         64.315  45.9
 PME 3D-FFT Comm.       3    1     100002       0.740          5.117   3.7
 PME solve Elec         3    1      50001       1.894         13.093   9.3
-----------------------------------------------------------------------------

               Core t (s)   Wall t (s)        (%)
       Time:       60.809       20.270      300.0
                 (ns/day)    (hour/ns)
Performance:       42.626        0.563
Finished mdrun on rank 0 Mon Oct 26 17:24:24 2020

