
 -----------------------------------------------
      Restrained ESP Fit 2.3  Amber 4.1
 -----------------------------------------------
 Resp charges for organic molecule                                               
 -----------------------------------------------


 inopt       =     0   ioutopt     =     1
 nmol        =     1   iqopt       =     2
 ihfree      =     1   irstrnt     =     1
 iunits      =     0   qwt         =   0.00100000
 wtmol(1) =     1.000000
 subtitle:

Resp charges for organic molecule                                               
ich =   0  iuniq =  31
    1   16  -99
    2    8  -99
    3    8  -99
    4    8  -99
    5    7  -99
    6    6  -99
    7    6  -99
    8    6  -99
    9    6  -99
   10    6  -99
   11    6  -99
   12    6  -99
   13    6  -99
   14    6  -99
   15    6  -99
   16    6  -99
   17    6    0
   18    6    0
   19    1  -99
   20    1  -99
   21    1  -99
   22    1  -99
   23    1  -99
   24    1  -99
   25    1  -99
   26    1    0
   27    1   26
   28    1   26
   29    1    0
   30    1   29
   31    1   29
 new q0 values to be read  31

  ----------------------------------------------------------------------------
     ATOM                       COORDINATES                         CHARGE
                       X             Y                Z
  ----------------------------------------------------------------------------
  ----------------------------------------------------------------------------


 Charge on the molecule(ich) =    0
 Total number of atoms (iuniq)     =   31
 Weight factor on initial charge restraints(qwt)=     0.10000D-02


  there are  1 charge constraints:


     1       1
     2       1
     3       1
     4       1
     5       1
     6       1
     7       1
     8       1
     9       1
    10       1
    11       1
    12       1
    13       1
    14       1
    15       1
    16       1
    17       1
    18       1
    19       1
    20       1
    21       1
    22       1
    23       1
    24       1
    25       1
    26       1
    27       1
    28       1
    29       1
    30       1
    31       1

 Reading esp"s for molecule   1
 total number of atoms      =    31
 total number of esp points = 74334


 center     X       Y       Z 
    1  -0.6616386E+01   0.1957594E+01  -0.3149153E+00
    2   0.1512263E+01   0.4060244E+01   0.1286847E+00
    3   0.9441060E+01  -0.2586846E+00  -0.3249573E-01
    4  -0.2381954E+01  -0.4283298E+01   0.5265533E-01
    5  -0.1102659E+01  -0.1312755E+00   0.2764291E-01
    6   0.1548608E+01  -0.3787294E+00   0.1382523E-01
    7   0.2950541E+01   0.1903657E+01   0.6375557E-01
    8   0.2861782E+01  -0.2660279E+01  -0.5171613E-01
    9   0.5571379E+01   0.1870797E+01   0.4632096E-01
   10   0.6863222E+01  -0.4478178E+00  -0.2136524E-01
   11   0.5508226E+01  -0.2705748E+01  -0.6989908E-01
   12  -0.2884170E+01  -0.2015504E+01   0.3155653E-01
   13  -0.5565466E+01  -0.1166828E+01   0.1786925E-01
   14  -0.7584300E+01  -0.2781108E+01   0.2580005E+00
   15  -0.9965217E+01  -0.1535092E+01   0.1948667E+00
   16  -0.9747405E+01   0.1026482E+01  -0.1003690E+00
   17   0.2765007E+01   0.6431979E+01   0.1851024E+00
   18   0.1086346E+02  -0.2528595E+01  -0.9964903E-01
   19   0.1797524E+01  -0.4403041E+01  -0.8400966E-01
   20   0.6676436E+01   0.3592668E+01   0.8345597E-01
   21  -0.1690443E+01   0.1687304E+01   0.1011325E+00
   22   0.6461105E+01  -0.4516931E+01  -0.1206004E+00
   23  -0.7313274E+01  -0.4798668E+01   0.4735578E+00
   24  -0.1176657E+02  -0.2498479E+01   0.3598208E+00
   25  -0.1123478E+02   0.2424460E+01  -0.2191723E+00
   26   0.1276665E+01   0.7858866E+01   0.2325365E+00
   27   0.3932189E+01   0.6706227E+01  -0.1506541E+01
   28   0.3952636E+01   0.6615058E+01   0.1874846E+01
   29   0.1284548E+02  -0.1955955E+01  -0.9737569E-01
   30   0.1049004E+02  -0.3713077E+01   0.1562939E+01
   31   0.1046885E+02  -0.3626375E+01  -0.1815981E+01
 Initial ssvpot =    10.245


 Number of unique UNfrozen centers=    4

 Non-linear optimization requested.
 qchnge =    0.4349504333E-01
 qchnge =    0.1874967995E-04
 qchnge =    0.2693980343E-07

 Convergence in    2 iterations


Resp charges for organic molecule                                               

          Point Charges Before & After Optimization

    no.  At.no.    q(init)       q(opt)     ivary    d(rstr)/dq
    1  16       0.023677       0.023677    -99       0.009731
    2   8      -0.136226      -0.136226    -99       0.005918
    3   8      -0.305118      -0.305118    -99       0.003114
    4   8      -0.515434      -0.515434    -99       0.001905
    5   7      -0.240441      -0.240441    -99       0.003840
    6   6      -0.043376      -0.043376    -99       0.009174
    7   6       0.272199       0.272199    -99       0.003448
    8   6      -0.127411      -0.127411    -99       0.006174
    9   6      -0.440880      -0.440880    -99       0.002212
   10   6       0.422929       0.422929    -99       0.002301
   11   6      -0.333718      -0.333718    -99       0.002870
   12   6       0.585457       0.585457    -99       0.001684
   13   6      -0.235017      -0.235017    -99       0.003915
   14   6       0.041545       0.041545    -99       0.009235
   15   6      -0.214322      -0.214322    -99       0.004228
   16   6      -0.168298      -0.168298    -99       0.005108
   17   6      -0.255401      -0.278796      0       0.003376
   18   6      -0.054706      -0.043633      0       0.009166
   19   1       0.182281       0.182281    -99       0.000000
   20   1       0.164099       0.164099    -99       0.000000
   21   1       0.150723       0.150723    -99       0.000000
   22   1       0.153018       0.153018    -99       0.000000
   23   1       0.112606       0.112606    -99       0.000000
   24   1       0.156579       0.156579    -99       0.000000
   25   1       0.192171       0.192171    -99       0.000000
   26   1       0.131563       0.135544      0       0.000000
   27   1       0.126172       0.135544     26       0.000000
   28   1       0.126534       0.135544     26       0.000000
   29   1       0.096596       0.072918      0       0.000000
   30   1       0.066160       0.072918     29       0.000000
   31   1       0.066038       0.072918     29       0.000000

 Sum over the calculated charges:     -0.000

        Statistics of the fitting:
  The initial sum of squares (ssvpot)                     10.245
  The residual sum of squares (chipot)                     0.100
  The std err of estimate (sqrt(chipot/N))               0.00116
  ESP relative RMS (SQRT(chipot/ssvpot))                 0.09862

 Center of Mass (Angst.):

 X  =   0.00000      Y  =   0.00000      Z  =   0.00000

 Dipole (Debye):

 X  =   0.26355      Y  =   2.80446      Z  =   0.10122

 Dipole Moment (Debye)=   2.81863

 Quadrupole (Debye*Angst.):

 Qxx =  43.36885     QYY =  -2.07657     QZZ = -41.29228
 Qxy = -65.44282     QXZ = -48.14217     QYZ = -46.42027
