
 -----------------------------------------------
      Restrained ESP Fit 2.3  Amber 4.1
 -----------------------------------------------
 Resp charges for organic molecule                                               
 -----------------------------------------------


 inopt       =     0   ioutopt     =     1
 nmol        =     1   iqopt       =     0
 ihfree      =     1   irstrnt     =     1
 iunits      =     0   qwt         =   0.00050000
 wtmol(1) =     1.000000
 subtitle:

Resp charges for organic molecule                                               
ich =   0  iuniq =  31
    1   16    0
    2    8    0
    3    8    0
    4    8    0
    5    7    0
    6    6    0
    7    6    0
    8    6    0
    9    6    0
   10    6    0
   11    6    0
   12    6    0
   13    6    0
   14    6    0
   15    6    0
   16    6    0
   17    6    0
   18    6    0
   19    1    0
   20    1    0
   21    1    0
   22    1    0
   23    1    0
   24    1    0
   25    1    0
   26    1    0
   27    1    0
   28    1    0
   29    1    0
   30    1    0
   31    1    0

  ----------------------------------------------------------------------------
     ATOM                       COORDINATES                         CHARGE
                       X             Y                Z
  ----------------------------------------------------------------------------
  ----------------------------------------------------------------------------


 Charge on the molecule(ich) =    0
 Total number of atoms (iuniq)     =   31
 Weight factor on initial charge restraints(qwt)=     0.50000D-03


  there are  1 charge constraints:


     1       1
     2       1
     3       1
     4       1
     5       1
     6       1
     7       1
     8       1
     9       1
    10       1
    11       1
    12       1
    13       1
    14       1
    15       1
    16       1
    17       1
    18       1
    19       1
    20       1
    21       1
    22       1
    23       1
    24       1
    25       1
    26       1
    27       1
    28       1
    29       1
    30       1
    31       1

 Reading esp"s for molecule   1
 total number of atoms      =    31
 total number of esp points = 74334


 center     X       Y       Z 
    1  -0.6616386E+01   0.1957594E+01  -0.3149153E+00
    2   0.1512263E+01   0.4060244E+01   0.1286847E+00
    3   0.9441060E+01  -0.2586846E+00  -0.3249573E-01
    4  -0.2381954E+01  -0.4283298E+01   0.5265533E-01
    5  -0.1102659E+01  -0.1312755E+00   0.2764291E-01
    6   0.1548608E+01  -0.3787294E+00   0.1382523E-01
    7   0.2950541E+01   0.1903657E+01   0.6375557E-01
    8   0.2861782E+01  -0.2660279E+01  -0.5171613E-01
    9   0.5571379E+01   0.1870797E+01   0.4632096E-01
   10   0.6863222E+01  -0.4478178E+00  -0.2136524E-01
   11   0.5508226E+01  -0.2705748E+01  -0.6989908E-01
   12  -0.2884170E+01  -0.2015504E+01   0.3155653E-01
   13  -0.5565466E+01  -0.1166828E+01   0.1786925E-01
   14  -0.7584300E+01  -0.2781108E+01   0.2580005E+00
   15  -0.9965217E+01  -0.1535092E+01   0.1948667E+00
   16  -0.9747405E+01   0.1026482E+01  -0.1003690E+00
   17   0.2765007E+01   0.6431979E+01   0.1851024E+00
   18   0.1086346E+02  -0.2528595E+01  -0.9964903E-01
   19   0.1797524E+01  -0.4403041E+01  -0.8400966E-01
   20   0.6676436E+01   0.3592668E+01   0.8345597E-01
   21  -0.1690443E+01   0.1687304E+01   0.1011325E+00
   22   0.6461105E+01  -0.4516931E+01  -0.1206004E+00
   23  -0.7313274E+01  -0.4798668E+01   0.4735578E+00
   24  -0.1176657E+02  -0.2498479E+01   0.3598208E+00
   25  -0.1123478E+02   0.2424460E+01  -0.2191723E+00
   26   0.1276665E+01   0.7858866E+01   0.2325365E+00
   27   0.3932189E+01   0.6706227E+01  -0.1506541E+01
   28   0.3952636E+01   0.6615058E+01   0.1874846E+01
   29   0.1284548E+02  -0.1955955E+01  -0.9737569E-01
   30   0.1049004E+02  -0.3713077E+01   0.1562939E+01
   31   0.1046885E+02  -0.3626375E+01  -0.1815981E+01
 Initial ssvpot =    10.245


 Number of unique UNfrozen centers=   31

 Non-linear optimization requested.
 qchnge =    0.4385561163E-01
 qchnge =    0.7383392904E-03
 qchnge =    0.3914245839E-04
 qchnge =    0.2564536352E-05
 qchnge =    0.1734970782E-06

 Convergence in    4 iterations


Resp charges for organic molecule                                               

          Point Charges Before & After Optimization

    no.  At.no.    q(init)       q(opt)     ivary    d(rstr)/dq
    1  16       0.000000       0.023677      0       0.004865
    2   8       0.000000      -0.136226      0       0.002959
    3   8       0.000000      -0.305118      0       0.001557
    4   8       0.000000      -0.515434      0       0.000952
    5   7       0.000000      -0.240441      0       0.001920
    6   6       0.000000      -0.043376      0       0.004587
    7   6       0.000000       0.272199      0       0.001724
    8   6       0.000000      -0.127411      0       0.003087
    9   6       0.000000      -0.440880      0       0.001106
   10   6       0.000000       0.422929      0       0.001151
   11   6       0.000000      -0.333718      0       0.001435
   12   6       0.000000       0.585457      0       0.000842
   13   6       0.000000      -0.235017      0       0.001958
   14   6       0.000000       0.041545      0       0.004617
   15   6       0.000000      -0.214322      0       0.002114
   16   6       0.000000      -0.168298      0       0.002554
   17   6       0.000000      -0.255401      0       0.001823
   18   6       0.000000      -0.054706      0       0.004387
   19   1       0.000000       0.182281      0       0.000000
   20   1       0.000000       0.164099      0       0.000000
   21   1       0.000000       0.150723      0       0.000000
   22   1       0.000000       0.153018      0       0.000000
   23   1       0.000000       0.112606      0       0.000000
   24   1       0.000000       0.156579      0       0.000000
   25   1       0.000000       0.192171      0       0.000000
   26   1       0.000000       0.131563      0       0.000000
   27   1       0.000000       0.126172      0       0.000000
   28   1       0.000000       0.126534      0       0.000000
   29   1       0.000000       0.096596      0       0.000000
   30   1       0.000000       0.066160      0       0.000000
   31   1       0.000000       0.066038      0       0.000000

 Sum over the calculated charges:     -0.000

        Statistics of the fitting:
  The initial sum of squares (ssvpot)                     10.245
  The residual sum of squares (chipot)                     0.080
  The std err of estimate (sqrt(chipot/N))               0.00104
  ESP relative RMS (SQRT(chipot/ssvpot))                 0.08830

 Center of Mass (Angst.):

 X  =   0.00000      Y  =   0.00000      Z  =   0.00000

 Dipole (Debye):

 X  =   0.33494      Y  =   2.87680      Z  =   0.10468

 Dipole Moment (Debye)=   2.89813

 Quadrupole (Debye*Angst.):

 Qxx =  46.49929     QYY =  -3.97706     QZZ = -42.52224
 Qxy = -65.79083     QXZ = -48.99551     QYZ = -47.28471
