
 -----------------------------------------------
      Restrained ESP Fit 2.3  Amber 4.1
 -----------------------------------------------
 Resp charges for organic molecule                                               
 -----------------------------------------------


 inopt       =     0   ioutopt     =     1
 nmol        =     1   iqopt       =     2
 ihfree      =     1   irstrnt     =     1
 iunits      =     0   qwt         =   0.00100000
 wtmol(1) =     1.000000
 subtitle:

Resp charges for organic molecule                                               
ich =   0  iuniq =  24
    1    6  -99
    2    6  -99
    3    6  -99
    4    6  -99
    5    6  -99
    6    6  -99
    7    6  -99
    8    6  -99
    9    6  -99
   10    6  -99
   11    6  -99
   12    6  -99
   13    6  -99
   14    6  -99
   15    1  -99
   16    1  -99
   17    1  -99
   18    1  -99
   19    1  -99
   20    1  -99
   21    1  -99
   22    1  -99
   23    1  -99
   24    1  -99
 new q0 values to be read  24

  ----------------------------------------------------------------------------
     ATOM                       COORDINATES                         CHARGE
                       X             Y                Z
  ----------------------------------------------------------------------------
  ----------------------------------------------------------------------------


 Charge on the molecule(ich) =    0
 Total number of atoms (iuniq)     =   24
 Weight factor on initial charge restraints(qwt)=     0.10000D-02


  there are  1 charge constraints:


     1       1
     2       1
     3       1
     4       1
     5       1
     6       1
     7       1
     8       1
     9       1
    10       1
    11       1
    12       1
    13       1
    14       1
    15       1
    16       1
    17       1
    18       1
    19       1
    20       1
    21       1
    22       1
    23       1
    24       1

 Reading esp"s for molecule   1
 total number of atoms      =    24
 total number of esp points = 56624


 center     X       Y       Z 
    1   0.1377576E+01  -0.7204826E+00   0.3590479E-04
    2  -0.1377578E+01  -0.7204845E+00  -0.3212534E-04
    3   0.2689280E+01   0.1636444E+01   0.4724315E-04
    4  -0.2689278E+01   0.1636442E+01  -0.6991986E-04
    5   0.1284573E+01   0.3956378E+01  -0.7558904E-05
    6  -0.1284579E+01   0.3956381E+01  -0.6047123E-04
    7   0.2836129E+01  -0.2960983E+01   0.9826575E-04
    8  -0.2836129E+01  -0.2960983E+01  -0.5291233E-04
    9   0.5361723E+01   0.1661375E+01   0.1190527E-03
   10  -0.5361721E+01   0.1661373E+01  -0.1360603E-03
   11   0.5449161E+01  -0.2889552E+01   0.1644062E-03
   12  -0.5449161E+01  -0.2889554E+01  -0.1228322E-03
   13   0.6731308E+01  -0.5595819E+00   0.1757445E-03
   14  -0.6731308E+01  -0.5595819E+00  -0.1625164E-03
   15   0.2328910E+01   0.5726238E+01  -0.7558904E-05
   16  -0.2328906E+01   0.5726248E+01  -0.1020452E-03
   17   0.1904734E+01  -0.4787022E+01   0.1001555E-03
   18  -0.1904727E+01  -0.4787016E+01  -0.2267671E-04
   19   0.6326313E+01   0.3476382E+01   0.1360603E-03
   20  -0.6326319E+01   0.3476374E+01  -0.1625164E-03
   21   0.6514537E+01  -0.4645094E+01   0.2229877E-03
   22  -0.6514528E+01  -0.4645098E+01  -0.1341705E-03
   23   0.8784025E+01  -0.5120742E+00   0.2229877E-03
   24  -0.8784025E+01  -0.5120742E+00  -0.2324363E-03
 Initial ssvpot =     3.684


 Number of unique UNfrozen centers=    0
 ALL charges are frozen!!!

 Non-linear optimization requested.
 qchnge =    0.3003292110E-01
 qchnge =     0.000000000    
 qchnge =     0.000000000    

 Convergence in    2 iterations


Resp charges for organic molecule                                               

          Point Charges Before & After Optimization

    no.  At.no.    q(init)       q(opt)     ivary    d(rstr)/dq
    1   6       0.031094       0.031094    -99       0.009549
    2   6       0.031094       0.031094    -99       0.009549
    3   6       0.165960       0.165960    -99       0.005161
    4   6       0.165960       0.165960    -99       0.005161
    5   6      -0.220702      -0.220702    -99       0.004127
    6   6      -0.220702      -0.220702    -99       0.004127
    7   6      -0.170510      -0.170510    -99       0.005059
    8   6      -0.170510      -0.170510    -99       0.005059
    9   6      -0.211616      -0.211616    -99       0.004273
   10   6      -0.211616      -0.211616    -99       0.004273
   11   6      -0.131554      -0.131554    -99       0.006052
   12   6      -0.131554      -0.131554    -99       0.006052
   13   6      -0.099620      -0.099620    -99       0.007085
   14   6      -0.099620      -0.099620    -99       0.007085
   15   1       0.142481       0.142481    -99       0.000000
   16   1       0.142481       0.142481    -99       0.000000
   17   1       0.126062       0.126062    -99       0.000000
   18   1       0.126062       0.126062    -99       0.000000
   19   1       0.127161       0.127161    -99       0.000000
   20   1       0.127161       0.127161    -99       0.000000
   21   1       0.121931       0.121931    -99       0.000000
   22   1       0.121931       0.121931    -99       0.000000
   23   1       0.119311       0.119311    -99       0.000000
   24   1       0.119311       0.119311    -99       0.000000

 Sum over the calculated charges:     -0.000

        Statistics of the fitting:
  The initial sum of squares (ssvpot)                      3.684
  The residual sum of squares (chipot)                     0.027
  The std err of estimate (sqrt(chipot/N))               0.00069
  ESP relative RMS (SQRT(chipot/ssvpot))                 0.08564

 Center of Mass (Angst.):

 X  =   0.00000      Y  =   0.00000      Z  =   0.00000

 Dipole (Debye):

 X  =   0.00001      Y  =  -0.03973      Z  =   0.00000

 Dipole Moment (Debye)=   0.03973

 Quadrupole (Debye*Angst.):

 Qxx =  15.82528     QYY =  14.51044     QZZ = -30.33572
 Qxy = -30.33573     QXZ = -30.33448     QYZ = -30.33612
