

*******************************************************************************
Wed Mar 31 15:12:34 2021


FIT:    data read from 'aux.dat' u ($1):2
        format = x:z
        #datapoints = 31
        residuals are weighted equally (unit weight)

function used for fitting: f0(x)
	f0(x) = 1 - exp(-x/tau0)
fitted parameters initialized with current variable values

iter      chisq       delta/lim  lambda   tau0         
   0 3.0770109622e+00   0.00e+00  1.48e-01    1.000000e-10
  12 6.6473725238e-01  -7.67e-01  1.48e-13    9.783752e-10

After 12 iterations the fit converged.
final sum of squares of residuals : 0.664737
rel. change during last iteration : -7.66627e-06

degrees of freedom    (FIT_NDF)                        : 30
rms of residuals      (FIT_STDFIT) = sqrt(WSSR/ndf)    : 0.148855
variance of residuals (reduced chisquare) = WSSR/ndf   : 0.0221579

Final set of parameters            Asymptotic Standard Error
=======================            ==========================
tau0            = 9.78375e-10      +/- 1.508e-10    (15.42%)
