            --------------------------------------------------------
                             AMBER SQM VERSION 17
 
                                     By
              Ross C. Walker, Michael F. Crowley, Scott Brozell,
                         Tim Giese, Andreas W. Goetz,
                        Tai-Sung Lee and David A. Case
 
            --------------------------------------------------------
 

--------------------------------------------------------------------------------
  QM CALCULATION INFO
--------------------------------------------------------------------------------

| QMMM: Citation for AMBER QMMM Run:
| QMMM: R.C. Walker, M.F. Crowley and D.A. Case, J. COMP. CHEM. 29:1019, 2008

QMMM: SINGLET STATE CALCULATION
QMMM: RHF CALCULATION, NO. OF DOUBLY OCCUPIED LEVELS = 29

| QMMM: *** Selected Hamiltonian *** 
| QMMM: AM1         

| QMMM: *** Parameter sets in use ***
| QMMM: N : M.J.S.DEWAR et al. JACS, 107, 3902, (1985)
| QMMM: C : M.J.S.DEWAR et al. JACS, 107, 3902, (1985)
| QMMM: H : M.J.S.DEWAR et al. JACS, 107, 3902, (1985)

| QMMM: *** SCF convergence criteria ***
| QMMM: Energy change                :  0.1D-09 kcal/mol
| QMMM: Error matrix |FP-PF|         :  0.1D+00 au
| QMMM: Density matrix change        :  0.5D-06
| QMMM: Maximum number of SCF cycles :     1000

| QMMM: *** Diagonalization Routine Information ***
| QMMM: Pseudo diagonalizations are allowed.
| QMMM: Auto diagonalization routine selection is in use.
| QMMM:
| QMMM: Timing diagonalization routines:
| QMMM:                              norbs =       56
| QMMM:    diag iterations used for timing =       15
| QMMM:
| QMMM:              Internal diag routine = 0.008319 seconds
| QMMM:                 Dspev diag routine = 0.011588 seconds
| QMMM:                Dspevd diag routine = 0.009664 seconds
| QMMM:                Dspevx diag routine = 0.034546 seconds
| QMMM:                 Dsyev diag routine = 0.012128 seconds
| QMMM:                Dsyevd diag routine = 0.011291 seconds
| QMMM:                Dsyevr diag routine = 0.011091 seconds
| QMMM:
| QMMM:                Pseudo diag routine = 0.003374 seconds
| QMMM:
| QMMM: Using internal diagonalization routine (diag_routine=1).

  QMMM: QM Region Cartesian Coordinates (*=link atom) 
  QMMM: QM_NO.   MM_NO.  ATOM         X         Y         Z
  QMMM:     1        1      N       30.0470   44.4960   25.8970
  QMMM:     2        2      C       29.2100   44.1340   26.9050
  QMMM:     3        3      C       27.9220   44.5880   26.9810
  QMMM:     4        4      C       27.4410   45.4150   25.9580
  QMMM:     5        5      C       28.3030   45.7680   24.9410
  QMMM:     6        6      C       29.5990   45.3290   24.9300
  QMMM:     7        7      H       29.5300   43.5430   27.5760
  QMMM:     8        8      H       27.3660   44.3490   27.7140
  QMMM:     9        9      H       26.5440   45.7270   25.9670
  QMMM:    10       10      H       27.9910   46.3240   24.2360
  QMMM:    11       11      C       30.6050   45.6910   23.9250
  QMMM:    12       12      C       30.3500   46.5340   22.8640
  QMMM:    13       13      C       31.3650   46.8440   21.9790
  QMMM:    14       14      C       32.6160   46.3170   22.2090
  QMMM:    15       15      C       32.8090   45.4890   23.2930
  QMMM:    16       16      N       31.8190   45.1610   24.1170
  QMMM:    17       17      H       29.4820   46.8990   22.7390
  QMMM:    18       18      H       31.2050   47.4080   21.2310
  QMMM:    19       19      H       33.3390   46.5210   21.6290
  QMMM:    20       20      H       33.6760   45.1380   23.4560

--------------------------------------------------------------------------------
  RESULTS
--------------------------------------------------------------------------------

      iter         sqm energy              rms gradient
      ----    -------------------    -----------------------
xmin    10       75.3159 kcal/mol        0.5081 kcal/(mol*A)
xmin    20       72.8502 kcal/mol        0.4071 kcal/(mol*A)
xmin    30       72.5817 kcal/mol        0.1092 kcal/(mol*A)
xmin    40       72.5509 kcal/mol        0.0630 kcal/(mol*A)
xmin    50       72.5479 kcal/mol        0.0146 kcal/(mol*A)
xmin    60       72.5476 kcal/mol        0.0087 kcal/(mol*A)
xmin    70       72.5476 kcal/mol        0.0014 kcal/(mol*A)
xmin    70       72.5476 kcal/mol        0.0004 kcal/(mol*A)
  ... geometry converged !
 
 Final MO eigenvalues (eV):
 -40.6700  -39.4741  -33.6523  -32.9978  -32.9585  -30.1246  -25.3727  -24.5456
 -23.7206  -22.4399  -18.4434  -17.2132  -17.1733  -16.8746  -16.5857  -15.5766
 -14.5784  -14.4561  -14.1112  -13.9776  -13.8931  -13.0397  -12.5080  -10.8690
 -10.7331  -10.6704  -10.6127  -10.1902   -9.5236   -0.3024    0.2012    0.2623
   0.4196    2.5875    2.8048    2.9559    3.5840    3.7390    3.7483    3.7604
   3.8822    3.9233    3.9471    4.0768    4.2636    4.4565    4.5774    4.6960
   4.9195    5.1020    5.1046    5.1580    5.5225    5.6644    6.7228    6.8622


 Heat of formation   =         72.54756910 kcal/mol  (        3.14589866 eV)

 Total SCF energy    =     -41578.45263226 kcal/mol  (    -1802.97700153 eV)
 Electronic energy   =    -209396.23188586 kcal/mol  (    -9080.10198542 eV)
 Core-core repulsion =     167817.77925359 kcal/mol  (     7277.12498389 eV)
 
    Atomic Charges for Step       1 :
  Atom    Element       Mulliken Charge
     1      N                 -0.105
     2      C                 -0.072
     3      C                 -0.177
     4      C                 -0.095
     5      C                 -0.168
     6      C                  0.025
     7      H                  0.162
     8      H                  0.144
     9      H                  0.139
    10      H                  0.146
    11      C                  0.025
    12      C                 -0.168
    13      C                 -0.095
    14      C                 -0.177
    15      C                 -0.072
    16      N                 -0.105
    17      H                  0.146
    18      H                  0.139
    19      H                  0.144
    20      H                  0.162
 Total Mulliken Charge =      -0.000
 
                  X        Y        Z     TOTAL  
  QM DIPOLE    -1.937    1.593   -1.341    2.844
 
 Final Structure

  QMMM: QM Region Cartesian Coordinates (*=link atom) 
  QMMM: QM_NO.   MM_NO.  ATOM         X         Y         Z
  QMMM:     1        1      N       29.8190   44.0606   25.6565
  QMMM:     2        2      C       28.8728   43.7412   26.5571
  QMMM:     3        3      C       27.7877   44.5750   26.8873
  QMMM:     4        4      C       27.6807   45.8060   26.2410
  QMMM:     5        5      C       28.6473   46.1621   25.2994
  QMMM:     6        6      C       29.7029   45.2617   25.0369
  QMMM:     7        7      H       28.9969   42.7561   27.0426
  QMMM:     8        8      H       27.0503   44.2577   27.6355
  QMMM:     9        9      H       26.8495   46.4889   26.4692
  QMMM:    10       10      H       28.5991   47.1244   24.7727
  QMMM:    11       11      C       30.7240   45.6548   24.0289
  QMMM:    12       12      C       30.2819   45.9861   22.7294
  QMMM:    13       13      C       31.2283   46.3590   21.7739
  QMMM:    14       14      C       32.5750   46.3946   22.1341
  QMMM:    15       15      C       32.9206   46.0518   23.4549
  QMMM:    16       16      N       32.0301   45.6865   24.3941
  QMMM:    17       17      H       29.2129   45.9425   22.4825
  QMMM:    18       18      H       30.9139   46.6181   20.7525
  QMMM:    19       19      H       33.3509   46.6803   21.4127
  QMMM:    20       20      H       33.9751   46.0676   23.7856

           --------- Calculation Completed ----------

